SF:lib/components/typography/text_types.dart
DA:6,156
DA:7,156
DA:8,156
DA:9,156
DA:10,156
DA:11,156
DA:12,156
DA:13,156
DA:14,156
DA:15,156
DA:16,156
DA:17,156
DA:18,156
DA:19,156
DA:20,156
DA:21,156
DA:22,156
DA:25,34
DA:33,34
DA:34,1
DA:37,1
DA:40,34
DA:41,0
DA:44,0
DA:47,34
DA:48,2
DA:51,2
DA:54,34
DA:55,0
DA:58,0
DA:61,34
DA:62,0
DA:65,0
DA:68,34
DA:69,23
DA:72,23
DA:75,33
DA:76,6
DA:79,6
DA:82,33
DA:83,15
DA:86,15
DA:89,33
DA:90,6
DA:93,6
DA:96,32
DA:97,2
DA:101,2
DA:104,32
DA:105,13
DA:109,13
DA:112,31
DA:113,2
DA:117,2
DA:120,31
DA:121,5
DA:126,5
DA:128,28
DA:129,0
DA:133,0
DA:135,28
DA:136,18
DA:140,18
DA:144,26
DA:148,26
LF:65
LH:57
end_of_record
SF:lib/core/util/typography_utils.dart
DA:8,35
DA:12,35
DA:17,35
DA:18,7
DA:19,35
DA:20,4
DA:21,35
DA:22,10
DA:23,35
DA:24,4
DA:25,35
DA:26,4
DA:27,35
DA:28,73
DA:29,34
DA:30,22
DA:31,34
DA:32,49
DA:33,34
DA:34,22
DA:35,33
DA:36,9
DA:37,1
DA:40,100
LF:24
LH:24
end_of_record
SF:lib/styles/theme/theme_typography_model.dart
DA:11,40
DA:19,1
DA:20,1
DA:22,1
DA:24,4
DA:25,2
DA:28,1
DA:30,1
DA:31,2
DA:32,1
DA:33,2
DA:34,1
DA:35,1
DA:53,40
DA:67,1
DA:68,1
DA:69,2
DA:70,2
DA:71,2
DA:72,2
DA:73,2
DA:74,2
DA:75,2
DA:76,2
DA:77,2
DA:78,2
DA:79,2
LF:27
LH:27
end_of_record
SF:lib/styles/styles.dart
DA:7,4
DA:9,12
DA:11,1
DA:13,3
DA:15,1
DA:17,3
DA:19,2
DA:26,2
DA:27,8
DA:28,6
DA:29,6
DA:32,1
DA:39,1
DA:40,4
DA:41,3
DA:42,3
DA:45,3
DA:52,3
DA:53,12
DA:54,9
DA:55,9
DA:58,9
DA:65,9
DA:66,36
DA:67,27
DA:68,27
DA:71,9
DA:78,9
DA:79,36
DA:80,27
DA:81,27
DA:84,24
DA:91,24
DA:92,96
DA:93,72
DA:94,72
DA:97,32
DA:106,32
DA:107,128
DA:108,87
DA:109,92
DA:114,3
DA:121,3
DA:122,12
DA:123,6
DA:125,5
DA:129,23
DA:137,23
DA:138,92
DA:139,51
DA:140,55
DA:145,11
DA:152,11
DA:153,44
DA:154,27
DA:155,25
DA:159,15
DA:165,15
DA:168,45
DA:169,30
DA:173,3
DA:178,35
DA:180,35
DA:182,35
DA:184,35
DA:186,35
DA:188,31
DA:190,31
DA:192,3
DA:194,3
DA:196,3
LF:71
LH:71
end_of_record
SF:lib/styles/theme_utils.dart
DA:6,24
DA:7,24
DA:8,24
DA:10,24
DA:11,96
DA:14,2
DA:15,2
DA:17,2
DA:18,2
DA:32,2
DA:33,2
DA:34,6
DA:35,4
LF:13
LH:13
end_of_record
SF:lib/core/util/html_parser.dart
DA:7,9
DA:11,9
DA:12,9
DA:17,9
DA:24,36
DA:25,18
LF:6
LH:6
end_of_record
SF:lib/core/domain/entities/environment/environment_entity.dart
DA:37,49
DA:38,49
DA:40,48
DA:41,144
DA:42,96
LF:5
LH:5
end_of_record
SF:lib/helpers/device_info/device_info_entity.dart
DA:19,1
DA:20,1
LF:2
LH:2
end_of_record
SF:lib/api/account/confirm_model.dart
DA:12,0
DA:18,0
DA:19,0
DA:20,0
DA:21,0
DA:22,0
DA:28,0
DA:31,0
DA:34,0
DA:36,0
DA:38,0
LF:11
LH:0
end_of_record
SF:lib/api/api_endpoint.dart
DA:4,0
DA:6,0
DA:7,0
DA:9,0
DA:10,0
DA:12,0
DA:13,0
LF:7
LH:0
end_of_record
SF:lib/api/session.dart
DA:15,6
DA:17,2
DA:22,2
DA:27,0
DA:29,0
DA:31,0
DA:33,0
DA:34,0
DA:35,0
DA:39,0
DA:40,0
DA:42,0
DA:45,0
DA:47,0
DA:49,0
DA:51,0
DA:53,0
DA:55,0
DA:57,0
DA:61,0
DA:62,0
DA:64,0
DA:67,0
DA:69,0
DA:71,0
DA:73,0
DA:75,0
DA:77,0
DA:79,0
DA:85,0
DA:86,0
DA:88,0
DA:91,0
DA:93,0
DA:95,0
DA:97,0
DA:99,0
DA:101,0
DA:103,0
DA:105,0
DA:109,0
DA:110,0
DA:112,0
DA:115,0
DA:117,0
DA:119,0
DA:121,0
DA:123,0
DA:125,0
DA:127,0
DA:129,0
DA:133,0
DA:134,0
DA:136,0
DA:139,0
DA:141,0
DA:143,0
DA:145,0
DA:147,0
DA:149,0
DA:151,0
DA:155,0
DA:156,0
DA:158,0
DA:159,0
DA:162,0
DA:164,0
DA:166,0
DA:167,0
DA:170,0
DA:171,0
DA:179,0
DA:182,0
DA:183,0
DA:185,0
DA:186,0
DA:189,0
DA:190,0
DA:194,0
DA:197,0
DA:198,0
DA:199,0
DA:201,0
DA:202,0
DA:207,0
DA:208,0
DA:210,0
DA:214,0
DA:216,0
DA:218,0
DA:219,0
LF:91
LH:3
end_of_record
SF:lib/api/account/sso_login_model.dart
DA:14,0
DA:16,0
DA:17,0
DA:18,0
DA:21,0
DA:26,0
DA:27,0
DA:30,0
DA:33,0
DA:34,0
DA:38,0
LF:11
LH:0
end_of_record
SF:lib/locator.dart
DA:18,144
DA:19,147
DA:21,48
DA:23,96
DA:24,0
DA:25,102
DA:28,48
DA:30,48
DA:32,48
DA:34,48
DA:36,48
DA:38,48
DA:40,48
DA:42,48
DA:44,48
DA:46,48
DA:48,48
DA:51,48
DA:53,48
LF:19
LH:18
end_of_record
SF:lib/views_auth/logging_in_view/domain/entities/login_entity.dart
DA:16,2
DA:17,2
LF:2
LH:2
end_of_record
SF:lib/globals.dart
DA:26,117
DA:32,0
LF:2
LH:1
end_of_record
SF:lib/core/util/locale_utils.dart
DA:15,22
DA:16,66
DA:18,22
DA:19,22
DA:21,4
DA:22,12
DA:24,2
DA:25,6
DA:27,1
DA:28,3
DA:30,2
DA:31,6
DA:33,2
DA:34,6
DA:36,13
DA:37,39
DA:39,2
DA:40,6
DA:42,1
DA:43,3
DA:45,1
DA:46,3
DA:48,2
DA:49,6
DA:51,2
DA:52,6
DA:54,1
DA:55,3
DA:57,1
DA:58,3
DA:60,1
DA:61,3
DA:63,1
DA:64,1
DA:65,2
DA:68,3
DA:69,9
DA:71,1
DA:72,3
DA:74,1
DA:75,3
DA:77,0
DA:78,0
DA:80,0
DA:81,0
DA:83,1
DA:84,3
DA:86,1
DA:87,3
DA:89,1
DA:90,3
DA:92,0
DA:93,0
DA:95,0
DA:96,0
DA:99,0
DA:100,0
DA:103,0
DA:104,0
DA:107,0
DA:108,0
DA:109,0
DA:112,0
DA:113,0
DA:115,0
DA:116,0
DA:119,0
DA:120,0
DA:121,0
DA:124,0
DA:125,0
DA:128,0
DA:129,0
DA:132,0
DA:133,0
DA:134,0
DA:137,0
DA:138,0
DA:140,0
DA:141,0
DA:142,0
DA:145,0
DA:146,0
DA:149,0
DA:150,0
DA:153,0
DA:154,0
DA:157,0
DA:158,0
DA:161,0
DA:162,0
DA:165,0
DA:166,0
DA:169,1
DA:170,3
DA:172,0
DA:173,0
LF:97
LH:49
end_of_record
SF:lib/api/content/documents_model.dart
DA:8,0
DA:10,0
DA:16,0
DA:17,0
DA:18,0
DA:19,0
DA:20,0
DA:21,0
DA:22,0
DA:24,0
DA:27,0
DA:29,0
DA:31,0
DA:32,0
DA:33,0
DA:34,0
DA:35,0
DA:37,0
DA:42,0
LF:19
LH:0
end_of_record
SF:lib/api/navs/nav_child_model.dart
DA:33,0
DA:61,0
DA:64,0
DA:66,0
DA:67,0
DA:70,0
DA:71,0
DA:72,0
DA:76,0
DA:79,0
DA:81,0
DA:82,0
DA:83,0
DA:84,0
DA:85,0
DA:86,0
DA:87,0
DA:88,0
DA:90,0
DA:91,0
DA:92,0
DA:93,0
DA:94,0
DA:95,0
DA:96,0
DA:97,0
DA:98,0
DA:99,0
DA:100,0
DA:101,0
DA:106,0
DA:107,0
DA:108,0
DA:109,0
DA:110,0
DA:111,0
DA:112,0
LF:37
LH:0
end_of_record
SF:lib/api/content/file/file_member_model.dart
DA:7,0
DA:12,0
DA:13,0
DA:14,0
DA:17,0
DA:18,0
DA:20,0
DA:21,0
DA:23,0
DA:24,0
DA:29,0
DA:30,0
DA:33,0
LF:13
LH:0
end_of_record
SF:lib/api/navs/reaction/nav_reaction_mine_model.dart
DA:6,0
DA:12,0
DA:15,0
DA:16,0
DA:17,0
DA:18,0
LF:6
LH:0
end_of_record
SF:lib/api/content/file/file_metadata.dart
DA:6,0
DA:8,0
DA:9,0
DA:11,0
DA:12,0
DA:25,0
DA:34,0
DA:35,0
DA:36,0
DA:39,0
DA:40,0
DA:42,0
DA:43,0
DA:45,0
DA:47,0
DA:48,0
DA:53,0
DA:54,0
DA:56,0
DA:57,0
DA:58,0
LF:21
LH:0
end_of_record
SF:lib/api/navs/reaction/nav_reaction_stat_model.dart
DA:6,0
DA:12,0
DA:15,0
DA:16,0
DA:17,0
DA:18,0
LF:6
LH:0
end_of_record
SF:lib/api/content/file/file_model.dart
DA:13,0
DA:18,0
DA:20,0
DA:26,0
DA:43,0
DA:57,0
DA:58,0
DA:60,0
DA:62,0
DA:63,0
DA:64,0
DA:66,0
DA:67,0
DA:68,0
DA:69,0
DA:70,0
DA:71,0
DA:72,0
DA:73,0
DA:79,0
DA:83,0
DA:84,0
DA:85,0
DA:88,0
DA:91,0
DA:93,0
DA:95,0
DA:99,0
DA:101,0
DA:102,0
DA:103,0
DA:104,0
DA:107,0
DA:108,0
DA:110,0
DA:111,0
DA:116,0
DA:120,0
DA:124,0
DA:125,0
DA:126,0
DA:129,0
DA:131,0
DA:133,0
LF:44
LH:0
end_of_record
SF:lib/api/files/files_model.dart
DA:19,0
DA:23,0
DA:24,0
DA:26,0
DA:27,0
DA:30,0
DA:31,0
DA:32,0
DA:36,0
DA:37,0
DA:38,0
DA:41,0
DA:42,0
DA:43,0
DA:47,0
DA:48,0
DA:51,0
DA:53,0
DA:56,0
DA:60,0
DA:61,0
DA:62,0
DA:65,0
DA:66,0
DA:70,0
DA:72,0
DA:80,0
DA:84,0
DA:85,0
DA:87,0
DA:88,0
DA:91,0
DA:92,0
DA:93,0
DA:97,0
DA:98,0
DA:99,0
DA:100,0
DA:101,0
DA:103,0
DA:107,0
DA:108,0
DA:109,0
DA:112,0
DA:113,0
DA:117,0
DA:119,0
DA:127,0
DA:128,0
DA:131,0
DA:135,0
LF:51
LH:0
end_of_record
SF:lib/api/files/files_upload_model.dart
DA:8,0
DA:14,0
DA:15,0
DA:16,0
DA:17,0
DA:18,0
LF:6
LH:0
end_of_record
SF:lib/api/files/files_uploaded_model.dart
DA:8,1
DA:14,0
DA:15,0
DA:16,0
DA:17,0
DA:18,0
LF:6
LH:1
end_of_record
SF:lib/api/forms/form_scoring_model.dart
DA:5,0
DA:10,0
DA:11,0
DA:12,0
DA:13,0
LF:5
LH:0
end_of_record
SF:lib/api/forms/forms_answer_response_model.dart
DA:5,0
DA:10,0
DA:11,0
DA:12,0
DA:13,0
LF:5
LH:0
end_of_record
SF:lib/api/forms/forms_child_model.dart
DA:10,0
DA:16,0
DA:18,0
DA:20,0
DA:21,0
DA:22,0
DA:23,0
DA:42,0
DA:57,0
DA:58,0
DA:60,0
DA:61,0
DA:64,0
DA:65,0
DA:66,0
DA:67,0
DA:68,0
DA:69,0
DA:71,0
DA:72,0
DA:73,0
DA:74,0
DA:75,0
DA:76,0
LF:24
LH:0
end_of_record
SF:lib/api/forms/forms_fileopts_model.dart
DA:6,0
DA:12,0
DA:14,0
DA:21,0
DA:22,0
DA:23,0
DA:24,0
LF:7
LH:0
end_of_record
SF:lib/api/forms/forms_child_options_model.dart
DA:9,0
DA:18,0
DA:19,0
DA:20,0
DA:21,0
DA:22,0
DA:23,0
DA:24,0
DA:25,0
LF:9
LH:0
end_of_record
SF:lib/api/forms/forms_model.dart
DA:29,0
DA:46,0
DA:47,0
DA:48,0
DA:52,0
DA:53,0
DA:56,0
DA:57,0
DA:60,0
DA:61,0
DA:64,0
DA:65,0
DA:68,0
DA:69,0
DA:70,0
DA:72,0
DA:73,0
DA:75,0
DA:76,0
DA:78,0
DA:80,0
DA:81,0
DA:82,0
DA:88,0
DA:94,0
DA:95,0
DA:96,0
DA:99,0
DA:102,0
DA:104,0
DA:106,0
DA:110,0
DA:115,0
DA:116,0
DA:117,0
DA:119,0
DA:120,0
DA:122,0
DA:123,0
DA:124,0
DA:125,0
DA:128,0
DA:132,0
DA:134,0
DA:135,0
DA:140,0
DA:148,0
DA:153,0
DA:155,0
DA:156,0
DA:157,0
DA:158,0
DA:160,0
DA:163,0
DA:165,0
DA:166,0
DA:171,0
LF:57
LH:0
end_of_record
SF:lib/api/forms/forms_question_lookup.dart
DA:4,0
DA:8,0
DA:9,0
DA:10,0
LF:4
LH:0
end_of_record
SF:lib/api/forms/forms_response_model.dart
DA:13,0
DA:22,0
DA:23,0
DA:24,0
DA:25,0
DA:26,0
DA:27,0
DA:28,0
DA:29,0
LF:9
LH:0
end_of_record
SF:lib/api/forms/forms_question_results.dart
DA:12,0
DA:20,0
DA:21,0
DA:23,0
DA:24,0
DA:25,0
DA:26,0
DA:27,0
DA:28,0
LF:9
LH:0
end_of_record
SF:lib/api/members/lookup.dart
DA:11,0
DA:18,0
DA:19,0
DA:20,0
DA:21,0
DA:22,0
DA:23,0
DA:27,0
DA:28,0
DA:29,0
DA:30,0
DA:31,0
DA:36,0
DA:37,0
DA:38,0
DA:39,0
DA:42,0
DA:44,0
DA:46,0
DA:47,0
DA:52,0
LF:21
LH:0
end_of_record
SF:lib/api/navs/nav_icon_model.dart
DA:16,0
DA:28,0
DA:36,0
DA:38,0
DA:39,0
DA:40,0
DA:41,0
DA:42,0
DA:43,0
DA:44,0
DA:45,0
DA:46,0
DA:47,0
LF:13
LH:0
end_of_record
SF:lib/api/navs/nav_gallery_model.dart
DA:5,0
DA:7,0
DA:8,0
DA:9,0
LF:4
LH:0
end_of_record
SF:lib/api/navs/nav_images_model.dart
DA:16,0
DA:29,0
DA:30,0
DA:31,0
DA:32,0
DA:33,0
DA:34,0
DA:35,0
DA:36,0
DA:37,0
DA:38,0
DA:39,0
DA:40,0
LF:13
LH:0
end_of_record
SF:lib/api/navs/nav_model.dart
DA:31,0
DA:54,0
DA:55,0
DA:56,0
DA:64,0
DA:65,0
DA:66,0
DA:69,0
DA:70,0
DA:73,0
DA:74,0
DA:75,0
DA:76,0
DA:79,0
DA:80,0
DA:82,0
DA:83,0
DA:84,0
DA:87,0
DA:88,0
DA:91,0
DA:92,0
DA:93,0
DA:94,0
DA:95,0
DA:102,0
DA:103,0
DA:104,0
DA:105,0
DA:106,0
DA:107,0
DA:111,0
DA:112,0
DA:115,0
DA:117,0
DA:119,0
DA:127,0
DA:128,0
DA:131,0
DA:135,0
DA:137,0
LF:41
LH:0
end_of_record
SF:lib/api/navs/nav_options_model.dart
DA:6,0
DA:12,0
DA:15,0
DA:17,0
DA:18,0
DA:19,0
DA:21,0
DA:22,0
DA:32,0
DA:37,0
DA:38,0
DA:39,0
DA:40,0
DA:48,0
DA:50,0
DA:51,0
DA:52,0
DA:62,0
DA:68,0
DA:69,0
DA:70,0
DA:71,0
DA:72,0
LF:23
LH:0
end_of_record
SF:lib/api/navs/reaction/nav_allowed_reaction.dart
DA:8,0
DA:16,0
DA:17,0
DA:18,0
DA:19,0
DA:20,0
DA:21,0
DA:22,0
LF:8
LH:0
end_of_record
SF:lib/api/navs/reaction/nav_reaction.dart
DA:11,0
DA:16,0
DA:17,0
DA:18,0
DA:20,0
DA:21,0
DA:24,0
DA:32,0
DA:36,0
DA:39,0
DA:41,0
DA:43,0
LF:12
LH:0
end_of_record
SF:lib/api/pinboards/pinboard_create_link_model.dart
DA:5,0
DA:10,0
DA:11,0
DA:12,0
DA:13,0
LF:5
LH:0
end_of_record
SF:lib/api/pinboards/pinboard_post_stats_model.dart
DA:6,0
DA:11,0
DA:12,0
DA:13,0
DA:14,0
LF:5
LH:0
end_of_record
SF:lib/api/pinboards/pinboard_target_totals_model.dart
DA:6,0
DA:12,0
DA:13,0
DA:14,0
DA:15,0
DA:16,0
LF:6
LH:0
end_of_record
SF:lib/api/pinboards/pinboards_create_model.dart
DA:13,0
DA:21,0
DA:22,0
DA:24,0
DA:25,0
DA:28,0
DA:29,0
DA:30,0
DA:31,0
DA:33,0
LF:10
LH:0
end_of_record
SF:lib/api/pinboards/pinboards_model.dart
DA:17,0
DA:24,0
DA:25,0
DA:27,0
DA:28,0
DA:31,0
DA:32,0
DA:33,0
DA:34,0
DA:41,0
DA:43,0
DA:44,0
DA:45,0
DA:46,0
DA:47,0
DA:49,0
DA:52,0
DA:54,0
DA:56,0
DA:64,0
DA:67,0
DA:68,0
DA:69,0
DA:72,0
DA:74,0
DA:76,0
DA:84,0
DA:88,0
DA:89,0
DA:90,0
DA:93,0
DA:95,0
DA:97,0
DA:105,0
DA:109,0
DA:110,0
DA:111,0
DA:114,0
DA:116,0
DA:118,0
DA:126,0
DA:130,0
DA:131,0
DA:132,0
DA:135,0
DA:139,0
DA:147,0
DA:152,0
DA:153,0
DA:154,0
DA:157,0
DA:161,0
LF:52
LH:0
end_of_record
SF:lib/api/pinboards/pinboards_post_model.dart
DA:16,0
DA:27,0
DA:28,0
DA:30,0
DA:31,0
DA:32,0
DA:34,0
DA:35,0
DA:36,0
DA:37,0
DA:38,0
DA:39,0
DA:40,0
DA:41,0
LF:14
LH:0
end_of_record
SF:lib/api/pinboards/pinboards_post_files_model.dart
DA:6,0
DA:12,0
DA:13,0
DA:14,0
DA:15,0
DA:16,0
LF:6
LH:0
end_of_record
SF:lib/api/pinboards/pinboards_post_writer_model.dart
DA:5,0
DA:10,0
DA:11,0
DA:12,0
DA:13,0
LF:5
LH:0
end_of_record
SF:lib/app_bootstrap.dart
DA:7,0
DA:8,0
DA:12,0
DA:14,0
DA:16,0
DA:17,0
DA:21,0
DA:23,0
LF:8
LH:0
end_of_record
SF:lib/views_auth/authenticated/authenticated_view.dart
DA:20,0
DA:21,0
DA:27,0
DA:29,0
DA:31,0
DA:34,0
DA:36,0
DA:37,0
DA:38,0
DA:39,0
DA:40,0
DA:41,0
DA:44,0
DA:47,0
DA:51,0
DA:52,0
DA:54,0
DA:55,0
DA:57,0
DA:65,0
DA:69,0
DA:71,0
DA:73,0
DA:74,0
DA:80,0
DA:81,0
DA:85,0
DA:87,0
DA:93,0
DA:98,0
DA:101,0
DA:103,0
DA:108,0
DA:109,0
LF:34
LH:0
end_of_record
SF:lib/app_scaffold.dart
DA:26,0
DA:42,0
DA:52,0
DA:53,0
DA:57,0
DA:59,0
DA:62,0
DA:64,0
DA:65,0
DA:66,0
DA:69,0
DA:73,0
DA:74,0
DA:75,0
DA:77,0
DA:78,0
DA:79,0
DA:80,0
DA:81,0
DA:83,0
DA:84,0
DA:85,0
DA:89,0
DA:92,0
DA:95,0
DA:97,0
DA:101,0
DA:102,0
DA:103,0
DA:106,0
DA:108,0
DA:110,0
DA:119,0
DA:122,0
DA:123,0
DA:124,0
DA:141,0
DA:147,0
DA:148,0
DA:149,0
DA:153,0
DA:157,0
DA:158,0
DA:159,0
DA:160,0
DA:161,0
DA:162,0
DA:163,0
DA:164,0
DA:165,0
DA:166,0
DA:167,0
DA:168,0
DA:169,0
DA:170,0
DA:172,0
DA:174,0
DA:183,0
DA:184,0
DA:185,0
DA:186,0
LF:61
LH:0
end_of_record
SF:lib/components/bottom_nav_component/bottom_nav_component.dart
DA:13,0
DA:23,0
DA:29,0
DA:30,0
DA:34,0
DA:36,0
DA:37,0
DA:38,0
DA:40,0
DA:42,0
DA:44,0
DA:46,0
DA:49,0
DA:53,0
DA:54,0
DA:55,0
DA:56,0
DA:57,0
DA:61,0
DA:66,0
LF:20
LH:0
end_of_record
SF:lib/components/typography/copy_text.dart
DA:18,34
DA:28,34
DA:30,34
DA:32,136
DA:34,34
DA:35,68
DA:36,102
DA:37,34
DA:39,34
DA:40,34
DA:41,34
DA:42,34
DA:44,34
DA:45,68
DA:46,40
DA:47,34
LF:16
LH:16
end_of_record
SF:lib/core/domain/entities/domain_options/domain_options_menu_options_entity.dart
DA:19,3
DA:20,3
LF:2
LH:2
end_of_record
SF:lib/views_controller/digest_controller_view.dart
DA:8,0
DA:10,0
DA:12,0
LF:3
LH:0
end_of_record
SF:lib/views_controller/gallery_controller_view.dart
DA:8,0
DA:10,0
DA:12,0
LF:3
LH:0
end_of_record
SF:lib/views_controller/home_controller_view.dart
DA:8,0
DA:10,0
DA:12,0
LF:3
LH:0
end_of_record
SF:lib/views_controller/notifications_controller_view.dart
DA:9,0
DA:11,0
DA:13,0
DA:14,0
LF:4
LH:0
end_of_record
SF:lib/views_controller/videos_controller_view.dart
DA:8,0
DA:10,0
DA:12,0
LF:3
LH:0
end_of_record
SF:lib/core/util/navigation_utils.dart
DA:19,2
DA:24,1
DA:25,3
DA:27,2
DA:28,1
DA:29,1
DA:30,1
DA:34,1
DA:35,3
DA:37,2
DA:40,1
DA:41,3
DA:43,1
DA:49,1
DA:50,3
DA:51,1
DA:54,1
DA:55,2
DA:57,1
DA:59,1
DA:60,1
DA:63,1
DA:64,0
DA:69,1
DA:70,1
DA:73,1
DA:74,1
DA:77,1
DA:78,1
DA:81,1
DA:82,1
DA:86,1
DA:89,1
DA:90,3
DA:96,2
DA:97,6
DA:99,4
DA:102,2
DA:110,2
DA:111,1
DA:112,3
DA:118,2
DA:119,1
DA:120,3
DA:126,2
DA:127,1
DA:128,3
DA:134,2
DA:135,1
DA:136,3
DA:142,2
DA:143,1
DA:144,2
DA:145,6
DA:151,1
DA:152,1
DA:153,3
DA:156,1
DA:162,1
DA:163,1
DA:164,3
DA:167,1
DA:173,1
DA:174,1
DA:175,3
DA:178,1
DA:184,1
DA:185,1
DA:186,3
DA:189,1
DA:195,1
DA:196,1
DA:197,3
DA:200,1
DA:206,1
DA:207,1
DA:208,3
DA:214,1
DA:215,1
DA:216,3
DA:222,1
DA:223,1
DA:224,3
DA:235,3
LF:84
LH:83
end_of_record
SF:lib/core/util/push_notification_utils.dart
DA:28,2
DA:38,2
DA:43,6
DA:45,6
DA:48,2
DA:49,6
DA:51,4
DA:53,2
DA:57,2
DA:60,4
DA:62,2
DA:64,2
DA:66,6
DA:70,1
DA:74,3
DA:75,2
DA:77,1
DA:79,2
DA:81,2
DA:83,3
DA:86,2
DA:90,6
DA:92,4
DA:94,2
DA:96,4
DA:98,4
DA:101,1
DA:110,2
DA:113,1
DA:114,1
DA:116,3
DA:118,1
DA:119,1
DA:120,2
DA:121,1
DA:123,1
DA:124,1
DA:125,1
DA:126,2
DA:129,2
DA:139,1
DA:142,3
DA:144,1
DA:145,3
DA:147,1
DA:149,2
DA:152,1
DA:156,2
DA:159,1
DA:162,3
DA:165,1
DA:167,1
DA:171,3
DA:173,2
DA:175,0
DA:179,1
DA:181,3
DA:183,2
DA:184,2
DA:186,1
DA:190,1
DA:192,1
DA:195,2
DA:197,0
DA:201,1
DA:202,3
DA:204,2
DA:207,2
DA:208,2
DA:211,1
DA:215,1
DA:216,1
DA:217,1
DA:219,1
DA:220,1
DA:223,3
DA:224,3
DA:227,4
DA:228,1
DA:231,2
DA:236,2
DA:240,2
DA:241,3
DA:246,0
LF:84
LH:81
end_of_record
SF:lib/components/app_icon.dart
DA:7,1
DA:9,1
DA:10,1
DA:11,1
DA:12,1
DA:13,1
DA:14,1
DA:15,1
DA:18,1
LF:9
LH:9
end_of_record
SF:lib/components/svg_icons.dart
DA:16,17
DA:25,17
DA:27,17
DA:29,51
DA:30,17
DA:31,1
DA:32,3
DA:33,1
DA:36,1
DA:38,17
DA:42,51
DA:43,17
DA:45,17
DA:46,17
LF:14
LH:14
end_of_record
SF:lib/components/banner_image.dart
DA:15,5
DA:23,5
DA:25,5
DA:29,10
DA:30,3
DA:31,3
DA:32,6
DA:33,6
DA:34,0
DA:35,0
DA:37,3
DA:38,0
DA:39,0
DA:44,0
DA:45,0
DA:49,5
DA:50,5
DA:51,5
DA:52,7
DA:54,5
DA:55,5
LF:21
LH:15
end_of_record
SF:lib/components/bottom_nav_component/bottom_nav_item.dart
DA:10,0
DA:16,0
DA:17,0
DA:18,0
DA:19,0
DA:23,0
DA:25,0
DA:26,0
DA:29,0
DA:31,0
DA:32,0
DA:34,0
DA:35,0
DA:41,0
DA:45,0
DA:46,0
DA:47,0
DA:49,0
DA:52,0
DA:53,0
DA:56,0
DA:57,0
DA:61,0
LF:23
LH:0
end_of_record
SF:lib/components/bottom_nav_component/notification_component.dart
DA:4,0
DA:6,0
LF:2
LH:0
end_of_record
SF:lib/styles/theme/theme_bottom_nav_bar_model.dart
DA:10,39
DA:17,1
DA:18,1
DA:20,1
DA:21,1
DA:22,1
DA:23,1
DA:25,3
DA:26,2
DA:29,3
DA:30,2
DA:33,3
DA:34,2
DA:37,3
DA:38,2
DA:41,1
LF:16
LH:16
end_of_record
SF:lib/shared/widgets/null_widget.dart
DA:8,1
DA:10,1
LF:2
LH:2
end_of_record
SF:lib/components/client_logo.dart
DA:9,3
DA:13,3
DA:15,3
DA:19,6
DA:21,3
DA:22,3
DA:23,3
DA:24,3
DA:26,0
DA:27,0
LF:10
LH:8
end_of_record
SF:lib/components/custom_navigation.dart
DA:8,0
DA:13,0
DA:15,0
DA:16,0
DA:17,0
DA:18,0
DA:20,0
DA:25,0
DA:26,0
DA:27,0
DA:28,0
LF:11
LH:0
end_of_record
SF:lib/routers/router.dart
DA:22,0
DA:25,0
DA:26,0
DA:27,0
DA:28,0
DA:29,0
DA:34,0
DA:35,0
DA:36,0
DA:40,0
DA:41,0
DA:42,0
DA:43,0
DA:44,0
DA:50,0
DA:51,0
DA:52,0
DA:53,0
DA:58,0
DA:59,0
DA:60,0
DA:64,0
DA:65,0
DA:66,0
DA:67,0
DA:72,0
DA:73,0
DA:74,0
DA:75,0
DA:81,0
DA:82,0
DA:83,0
DA:84,0
DA:90,0
DA:91,0
DA:92,0
DA:96,0
DA:97,0
DA:98,0
DA:99,0
DA:104,0
DA:105,0
DA:106,0
DA:107,0
DA:112,0
DA:113,0
DA:114,0
DA:115,0
DA:116,0
DA:122,0
DA:123,0
DA:124,0
DA:125,0
DA:130,0
DA:131,0
DA:132,0
DA:133,0
DA:138,0
DA:139,0
DA:140,0
DA:144,0
DA:145,0
DA:146,0
DA:150,0
DA:151,0
DA:152,0
DA:157,0
DA:158,0
DA:159,0
LF:69
LH:0
end_of_record
SF:lib/components/default_app_bar.dart
DA:16,22
DA:24,22
DA:26,66
DA:28,22
DA:30,110
DA:31,22
DA:32,44
DA:35,22
DA:36,22
DA:37,44
DA:39,22
DA:40,22
DA:41,88
DA:42,22
DA:43,36
DA:49,22
DA:50,22
DA:51,22
LF:18
LH:18
end_of_record
SF:lib/styles/theme/theme_app_bar_model.dart
DA:9,39
DA:13,1
DA:14,1
DA:15,3
DA:26,39
DA:33,1
DA:34,1
DA:35,3
DA:36,2
DA:37,2
DA:38,2
LF:11
LH:11
end_of_record
SF:lib/components/file_uploader.dart
DA:24,0
DA:33,0
DA:35,0
DA:37,0
DA:45,0
DA:47,0
DA:49,0
DA:51,0
DA:52,0
DA:54,0
DA:55,0
DA:58,0
DA:59,0
DA:64,0
DA:65,0
DA:67,0
DA:68,0
DA:69,0
DA:71,0
DA:73,0
DA:78,0
DA:84,0
DA:85,0
DA:86,0
DA:87,0
DA:90,0
DA:92,0
DA:94,0
DA:97,0
DA:101,0
DA:103,0
DA:107,0
DA:108,0
DA:109,0
DA:111,0
DA:115,0
DA:116,0
DA:118,0
DA:119,0
DA:120,0
DA:122,0
DA:123,0
DA:129,0
DA:131,0
DA:132,0
DA:134,0
DA:136,0
LF:47
LH:0
end_of_record
SF:lib/shared/widgets/upload_image_display/uploaded_image_display.dart
DA:14,1
DA:20,1
DA:22,1
DA:23,1
DA:25,2
DA:26,0
DA:29,1
DA:30,2
DA:31,1
DA:32,2
DA:33,1
DA:36,1
DA:37,1
DA:40,1
DA:41,1
DA:42,1
DA:43,1
DA:44,1
DA:47,1
DA:48,2
DA:49,1
DA:50,1
DA:54,1
DA:57,1
DA:66,1
DA:67,1
DA:69,1
DA:70,1
DA:71,1
DA:72,1
DA:73,1
DA:74,1
DA:75,1
DA:77,1
DA:78,1
DA:79,1
DA:80,1
DA:82,1
DA:87,1
DA:88,1
DA:89,1
DA:90,1
DA:93,1
DA:95,5
LF:44
LH:43
end_of_record
SF:lib/shared/widgets/upload_image_display/uploading_image_display.dart
DA:8,1
DA:11,1
DA:13,1
DA:16,1
DA:18,3
DA:19,0
DA:22,1
DA:23,2
DA:24,1
DA:25,2
DA:26,1
DA:29,1
DA:30,1
DA:33,1
DA:34,1
DA:35,1
DA:36,1
DA:37,1
DA:38,1
DA:40,1
LF:20
LH:19
end_of_record
SF:lib/components/html_content.dart
DA:26,9
DA:32,9
DA:34,9
DA:44,9
DA:46,45
DA:47,9
DA:48,18
DA:49,18
DA:50,2
DA:51,2
DA:53,8
DA:57,2
DA:58,2
DA:59,2
DA:60,2
DA:62,0
DA:63,0
DA:64,0
DA:69,0
DA:77,0
DA:79,0
DA:81,0
DA:82,0
DA:85,0
DA:86,0
DA:87,0
DA:88,0
DA:93,0
DA:94,0
DA:95,154
DA:96,154
DA:98,0
DA:99,0
DA:106,8
DA:107,8
DA:108,8
DA:109,40
DA:110,8
DA:111,8
DA:112,8
DA:114,8
DA:115,8
DA:117,8
DA:118,8
DA:120,8
DA:121,8
DA:123,8
DA:124,8
DA:126,8
DA:127,8
DA:130,8
DA:135,0
DA:136,0
DA:137,0
DA:138,0
DA:141,0
DA:143,0
DA:144,0
DA:146,0
LF:59
LH:35
end_of_record
SF:lib/core/domain/usecases/go_to/go_to_usecase.dart
DA:11,5
DA:14,5
DA:15,25
DA:23,5
LF:4
LH:4
end_of_record
SF:lib/styles/bloc/theme_bloc.dart
DA:6,147
DA:9,1
DA:12,3
LF:3
LH:3
end_of_record
SF:lib/styles/bloc/theme_state.dart
DA:15,49
LF:1
LH:1
end_of_record
SF:lib/components/images/image_fullscreen_component.dart
DA:25,0
DA:31,0
DA:34,0
DA:36,0
DA:37,0
DA:38,0
DA:50,0
DA:54,0
DA:55,0
DA:58,0
DA:60,0
DA:62,0
DA:63,0
DA:67,0
DA:69,0
DA:71,0
DA:72,0
DA:73,0
DA:74,0
DA:76,0
DA:77,0
DA:78,0
DA:79,0
DA:80,0
DA:82,0
DA:84,0
DA:86,0
DA:87,0
DA:88,0
DA:89,0
DA:90,0
DA:92,0
DA:94,0
DA:95,0
DA:101,0
DA:102,0
DA:103,0
DA:104,0
DA:105,0
DA:107,0
DA:108,0
DA:112,0
DA:120,0
DA:122,0
DA:128,0
DA:133,0
DA:134,0
DA:136,0
DA:137,0
DA:138,0
DA:139,0
DA:141,0
DA:142,0
DA:143,0
DA:144,0
DA:147,0
DA:149,0
DA:150,0
DA:151,0
DA:153,0
DA:155,0
DA:156,0
DA:157,0
LF:63
LH:0
end_of_record
SF:lib/components/item_reactions.dart
DA:12,154
DA:13,154
DA:14,154
DA:15,154
DA:16,154
DA:17,154
DA:31,0
DA:42,0
DA:43,0
DA:44,0
DA:45,0
DA:53,0
DA:58,0
DA:60,0
DA:61,0
DA:62,0
DA:64,0
DA:66,0
DA:70,0
DA:74,0
DA:76,0
DA:77,0
DA:78,0
DA:81,0
DA:83,0
DA:84,0
DA:85,0
DA:89,0
DA:90,0
DA:91,0
DA:92,0
DA:95,0
DA:97,0
DA:98,0
DA:99,0
DA:105,0
DA:106,0
DA:110,0
DA:117,0
DA:118,0
DA:119,0
DA:122,0
DA:123,0
DA:124,0
DA:125,0
DA:127,0
DA:128,0
DA:134,0
DA:136,0
DA:137,0
DA:140,0
DA:145,0
DA:147,0
DA:148,0
DA:149,0
DA:150,0
DA:153,0
DA:154,0
DA:156,0
DA:157,0
DA:159,0
DA:160,0
DA:161,0
DA:165,0
DA:166,0
DA:168,0
DA:169,0
DA:170,0
DA:173,0
DA:174,0
DA:178,0
DA:179,0
LF:72
LH:6
end_of_record
SF:lib/core/bloc/global_bloc.dart
DA:24,1
DA:29,2
DA:32,1
DA:35,2
DA:36,1
DA:37,3
DA:38,2
DA:41,2
DA:42,1
DA:43,2
DA:45,1
DA:46,2
DA:50,1
DA:51,4
DA:53,2
DA:54,1
DA:55,2
DA:57,1
DA:59,1
DA:60,3
DA:63,2
DA:67,1
DA:68,3
DA:69,2
DA:72,2
DA:73,1
DA:74,2
DA:76,1
DA:78,1
DA:79,4
DA:82,2
DA:83,1
DA:84,1
LF:33
LH:33
end_of_record
SF:lib/core/bloc/global_state.dart
DA:23,1
LF:1
LH:1
end_of_record
SF:lib/core/util/file_url_utils.dart
DA:14,18
DA:21,1
DA:22,5
DA:24,0
DA:31,6
DA:35,6
DA:39,12
DA:40,6
DA:41,12
DA:42,12
DA:44,6
DA:47,1
DA:49,6
DA:51,12
DA:53,6
DA:54,6
DA:55,6
DA:56,6
DA:57,6
LF:19
LH:18
end_of_record
SF:lib/templates/default_template.dart
DA:20,18
DA:30,18
DA:32,18
DA:33,18
DA:38,18
DA:39,36
DA:41,18
DA:43,18
DA:46,18
DA:48,18
DA:50,18
DA:51,0
DA:53,0
DA:56,18
DA:58,18
DA:59,49
DA:60,36
DA:61,36
DA:62,36
DA:64,18
DA:66,36
DA:68,40
DA:74,13
DA:75,62
LF:24
LH:22
end_of_record
SF:lib/templates/sticky_footer_template.dart
DA:7,3
DA:11,3
DA:13,3
DA:15,3
DA:16,3
DA:17,3
DA:19,3
DA:20,3
DA:21,3
DA:22,3
DA:23,3
DA:25,3
DA:26,3
DA:30,3
LF:14
LH:14
end_of_record
SF:lib/views/image/domain/entities/action_entity.dart
DA:15,3
DA:16,3
LF:2
LH:2
end_of_record
SF:lib/views/image/domain/entities/image_entity.dart
DA:17,3
DA:18,3
LF:2
LH:2
end_of_record
SF:lib/components/images/image_gallery_component.dart
DA:14,2
DA:18,2
DA:20,2
DA:21,2
DA:30,2
DA:32,4
DA:33,4
DA:34,0
DA:35,0
DA:38,0
DA:39,0
DA:41,0
DA:44,0
DA:45,0
DA:46,0
DA:51,2
DA:54,2
DA:58,2
DA:59,2
DA:61,4
DA:63,2
DA:65,8
DA:66,2
DA:67,4
DA:68,2
DA:69,2
DA:72,2
DA:74,2
DA:75,2
DA:76,2
DA:87,2
DA:93,2
DA:94,4
DA:95,2
DA:96,10
DA:97,0
DA:102,0
DA:107,0
DA:109,0
DA:110,0
DA:111,0
LF:41
LH:27
end_of_record
SF:lib/components/images/image_uploader.dart
DA:29,0
DA:41,0
DA:43,0
DA:45,0
DA:53,0
DA:54,0
DA:57,0
DA:59,0
DA:61,0
DA:63,0
DA:64,0
DA:66,0
DA:67,0
DA:70,0
DA:71,0
DA:76,0
DA:77,0
DA:79,0
DA:80,0
DA:81,0
DA:82,0
DA:83,0
DA:85,0
DA:86,0
DA:87,0
DA:89,0
DA:90,0
DA:91,0
DA:97,0
DA:103,0
DA:104,0
DA:105,0
DA:106,0
DA:107,0
DA:112,0
DA:114,0
DA:117,0
DA:120,0
DA:127,0
DA:128,0
DA:129,0
DA:130,0
DA:132,0
DA:133,0
DA:138,0
DA:140,0
DA:142,0
DA:143,0
DA:146,0
DA:147,0
DA:150,0
DA:152,0
DA:155,0
DA:157,0
DA:158,0
DA:159,0
DA:161,0
DA:165,0
DA:166,0
DA:167,0
DA:170,0
DA:173,0
DA:174,0
DA:176,0
DA:177,0
DA:178,0
DA:179,0
DA:182,0
DA:183,0
DA:185,0
DA:186,0
DA:194,0
DA:196,0
DA:199,0
DA:200,0
DA:203,0
DA:204,0
DA:205,0
DA:206,0
DA:207,0
DA:208,0
DA:210,0
DA:211,0
DA:217,0
DA:219,0
DA:220,0
DA:224,0
DA:227,0
DA:229,0
LF:89
LH:0
end_of_record
SF:lib/components/input_fields/date/month_picker.dart
DA:11,0
DA:16,0
DA:17,0
DA:21,0
DA:23,0
DA:25,0
DA:26,0
DA:27,0
DA:31,0
DA:32,0
DA:33,0
DA:34,0
DA:35,0
DA:40,0
LF:14
LH:0
end_of_record
SF:lib/components/input_fields/date/year_picker.dart
DA:11,0
DA:15,0
DA:16,0
DA:29,0
DA:30,0
DA:33,0
DA:35,0
DA:36,0
DA:37,0
DA:38,0
DA:43,0
DA:45,0
DA:47,0
DA:48,0
DA:50,0
DA:52,0
DA:54,0
DA:55,0
DA:56,0
DA:57,0
DA:62,0
DA:63,0
DA:64,0
DA:66,0
DA:68,0
DA:69,0
DA:70,0
DA:75,0
DA:76,0
DA:77,0
DA:78,0
DA:79,0
DA:84,0
DA:89,0
DA:90,0
DA:91,0
DA:102,0
DA:103,0
DA:104,0
DA:106,0
DA:113,0
DA:114,0
DA:116,0
DA:117,0
LF:44
LH:0
end_of_record
SF:lib/overrides/flat_button_override.dart
DA:29,18
DA:48,0
DA:51,18
DA:55,18
DA:57,72
DA:59,18
DA:60,60
DA:62,18
DA:63,36
DA:64,36
DA:65,18
DA:67,54
DA:68,18
DA:69,18
DA:71,35
DA:72,36
DA:73,18
DA:74,36
DA:77,18
DA:78,18
DA:80,18
DA:82,36
DA:84,36
DA:87,18
DA:88,18
DA:89,0
DA:90,0
DA:91,0
DA:93,18
DA:94,18
DA:95,18
DA:96,18
DA:98,18
DA:99,0
DA:100,0
DA:101,0
DA:109,15
DA:110,15
DA:111,45
DA:114,1
LF:40
LH:33
end_of_record
SF:lib/shared/utils/button_utils.dart
DA:1,154
DA:2,154
DA:3,154
DA:4,154
DA:5,154
DA:6,154
DA:9,154
DA:10,154
DA:11,154
DA:15,18
DA:17,18
DA:19,18
DA:21,18
DA:23,18
LF:14
LH:14
end_of_record
SF:lib/styles/theme/theme_model.dart
DA:43,39
DA:65,1
DA:66,1
DA:68,1
DA:69,1
DA:70,2
DA:71,2
DA:72,2
DA:73,2
DA:75,3
DA:76,2
DA:77,2
DA:78,2
DA:80,3
DA:81,2
DA:82,2
DA:83,2
DA:84,2
DA:85,2
DA:86,2
DA:87,2
DA:88,2
DA:89,2
LF:23
LH:23
end_of_record
SF:lib/components/input_fields/date/dob_input.dart
DA:14,0
DA:21,0
DA:23,0
DA:30,0
DA:31,0
DA:34,0
DA:36,0
DA:37,0
DA:38,0
DA:39,0
DA:40,0
DA:41,0
DA:46,0
DA:47,0
DA:49,0
DA:50,0
DA:51,0
DA:52,0
DA:53,0
DA:61,0
DA:62,0
DA:63,0
DA:65,0
LF:23
LH:0
end_of_record
SF:lib/components/input_fields/placeholder_input.dart
DA:11,2
DA:15,2
DA:17,2
DA:19,8
DA:20,2
DA:22,2
DA:23,2
DA:24,2
DA:25,2
DA:26,2
DA:27,2
DA:28,2
DA:29,2
DA:30,2
DA:31,2
DA:32,2
DA:34,4
DA:37,2
LF:18
LH:18
end_of_record
SF:lib/components/input_fields/select_input.dart
DA:22,1
DA:28,1
DA:30,1
DA:32,1
DA:39,1
DA:41,4
DA:43,1
DA:44,3
DA:45,0
DA:46,1
DA:47,3
DA:48,1
DA:53,0
DA:54,0
DA:56,0
DA:57,0
DA:58,0
DA:59,0
DA:60,0
DA:63,0
DA:64,0
DA:65,0
DA:67,0
DA:70,0
DA:72,0
DA:81,0
DA:86,0
DA:89,0
DA:90,0
DA:93,0
DA:94,0
DA:96,0
DA:97,0
DA:98,0
DA:99,0
DA:100,0
DA:101,0
DA:104,0
DA:105,0
DA:106,0
DA:107,0
DA:115,0
DA:127,0
DA:128,0
DA:129,0
DA:131,0
DA:132,0
DA:135,0
LF:48
LH:11
end_of_record
SF:lib/core/domain/entities/forms/forms_input_options_entity.dart
DA:17,3
DA:18,3
LF:2
LH:2
end_of_record
SF:lib/overrides/alert_dialog_override.dart
DA:17,2
DA:31,5
DA:38,5
DA:40,5
DA:42,20
DA:43,5
DA:45,5
DA:46,0
DA:47,5
DA:49,5
DA:50,5
DA:54,5
DA:56,5
DA:60,5
DA:62,5
DA:63,5
DA:64,10
DA:67,5
DA:68,5
DA:71,5
DA:72,5
DA:73,2
DA:74,4
DA:78,2
DA:79,4
DA:81,2
DA:82,2
DA:83,4
DA:84,4
DA:86,2
DA:88,2
DA:89,2
DA:90,2
DA:91,2
DA:96,2
DA:97,2
DA:98,2
DA:99,4
DA:103,2
DA:104,2
DA:107,2
DA:112,2
DA:113,4
DA:114,1
DA:115,2
DA:116,0
DA:117,0
DA:118,0
DA:119,0
DA:121,0
LF:50
LH:44
end_of_record
SF:lib/components/input_fields/text_input_field.dart
DA:20,1
DA:32,1
DA:34,4
DA:35,1
DA:37,1
DA:39,1
DA:41,1
DA:43,1
DA:44,2
DA:45,1
DA:46,1
DA:48,1
DA:49,1
DA:52,1
DA:53,1
DA:54,1
DA:55,1
DA:56,3
DA:59,1
DA:61,1
DA:62,1
DA:63,1
DA:65,3
DA:66,1
DA:67,2
DA:68,2
DA:71,1
DA:72,1
DA:73,1
DA:74,1
DA:75,1
DA:76,1
LF:32
LH:32
end_of_record
SF:lib/core/domain/entities/forms/forms_input_entity.dart
DA:26,3
DA:27,3
LF:2
LH:2
end_of_record
SF:lib/components/language_picker.dart
DA:32,2
DA:44,2
DA:46,2
DA:53,2
DA:55,2
DA:56,4
DA:57,2
DA:58,8
DA:60,2
DA:62,2
DA:64,4
DA:65,0
DA:68,2
DA:70,2
DA:72,4
DA:73,2
DA:74,4
DA:78,2
DA:79,4
DA:80,2
DA:82,4
DA:83,2
DA:85,4
DA:86,4
DA:87,2
DA:88,8
DA:89,2
DA:90,4
DA:92,4
DA:93,1
DA:95,2
DA:105,2
DA:109,4
DA:110,4
DA:111,4
DA:113,2
DA:115,2
DA:116,2
DA:118,4
DA:119,2
DA:122,2
DA:123,4
DA:124,2
DA:125,8
DA:127,2
DA:130,4
DA:141,2
DA:147,2
DA:148,8
DA:149,2
DA:151,2
DA:152,4
DA:153,2
DA:154,4
DA:155,6
DA:156,2
DA:158,2
DA:159,2
DA:160,2
DA:161,4
DA:162,2
DA:164,2
DA:165,2
DA:166,4
DA:169,2
DA:171,2
DA:177,8
LF:67
LH:66
end_of_record
SF:lib/components/loading_indicators/shimmer_card.dart
DA:10,0
DA:13,0
DA:15,2
DA:17,2
DA:20,2
DA:21,2
DA:22,4
DA:23,2
DA:24,10
DA:25,4
DA:26,2
DA:37,0
DA:40,0
DA:42,3
DA:44,3
DA:45,3
DA:47,3
DA:48,3
DA:49,3
DA:51,3
DA:55,3
DA:57,3
DA:58,3
DA:59,3
DA:65,3
DA:67,3
DA:71,3
DA:73,3
LF:28
LH:24
end_of_record
SF:lib/components/loading_indicators/shimmer_list_item.dart
DA:7,0
DA:10,0
DA:12,3
DA:14,3
DA:15,3
DA:16,15
DA:17,9
DA:18,3
DA:25,3
DA:27,3
DA:29,3
DA:30,3
DA:31,3
DA:32,3
DA:38,3
DA:40,3
DA:44,3
DA:46,3
LF:18
LH:16
end_of_record
SF:lib/components/loading_spinner.dart
DA:9,14
DA:11,70
DA:13,14
DA:14,14
DA:15,14
DA:16,182
DA:17,14
DA:23,14
DA:26,14
DA:27,14
DA:28,14
DA:29,14
DA:31,14
DA:32,14
LF:14
LH:14
end_of_record
SF:lib/components/navigation_error.dart
DA:21,0
DA:26,0
DA:28,0
DA:30,0
DA:37,0
DA:39,0
DA:40,0
DA:41,0
DA:43,0
DA:49,0
DA:50,0
DA:51,0
DA:53,0
DA:54,0
DA:57,0
DA:58,0
DA:59,0
DA:60,0
DA:64,0
DA:65,0
DA:66,0
DA:68,0
DA:71,0
DA:72,0
DA:84,0
DA:85,0
DA:86,0
DA:89,0
DA:91,0
DA:93,0
DA:94,0
DA:95,0
LF:32
LH:0
end_of_record
SF:lib/components/offline_assets.dart
DA:20,18
DA:30,18
DA:32,18
DA:34,18
DA:43,18
DA:45,18
DA:48,72
DA:51,18
DA:53,18
DA:54,18
DA:55,36
DA:56,18
DA:57,36
DA:58,36
DA:59,36
DA:65,18
DA:66,54
DA:68,36
DA:70,18
DA:71,17
DA:72,34
DA:73,34
DA:74,68
DA:75,68
DA:76,34
DA:77,34
DA:79,3
DA:80,6
DA:81,12
DA:82,12
DA:83,6
DA:87,0
DA:88,0
DA:90,0
DA:91,0
DA:92,0
DA:93,0
DA:94,0
DA:95,0
DA:96,0
DA:97,0
DA:99,0
DA:100,0
DA:101,0
DA:102,0
DA:103,0
DA:107,18
DA:108,108
DA:110,18
DA:111,36
DA:112,0
DA:114,0
DA:115,0
DA:119,0
DA:120,0
DA:122,0
DA:125,0
LF:57
LH:35
end_of_record
SF:lib/components/typography/flex_text.dart
DA:19,0
DA:28,0
DA:30,0
DA:31,0
DA:32,0
DA:33,0
DA:34,0
DA:35,0
DA:36,0
DA:37,0
DA:38,0
DA:40,0
DA:41,0
DA:42,0
DA:43,0
DA:45,0
DA:46,0
LF:17
LH:0
end_of_record
SF:lib/core/domain/entities/context/context_entity.dart
DA:24,3
DA:25,3
LF:2
LH:2
end_of_record
SF:lib/core/domain/entities/domain_options/domain_options_entity.dart
DA:37,3
DA:38,3
LF:2
LH:2
end_of_record
SF:lib/core/domain/entities/global_entity/global_entity.dart
DA:18,1
DA:19,1
LF:2
LH:2
end_of_record
SF:lib/core/domain/usecases/context/context_usecase.dart
DA:10,1
DA:12,1
DA:14,2
LF:3
LH:3
end_of_record
SF:lib/core/domain/usecases/device_registration/device_registration_usecase.dart
DA:11,1
DA:13,1
DA:15,3
DA:22,2
LF:4
LH:4
end_of_record
SF:lib/core/domain/usecases/domain_options/domain_options_usecase.dart
DA:10,1
DA:13,1
DA:14,4
DA:21,2
LF:4
LH:4
end_of_record
SF:lib/core/domain/usecases/global/global_usecase.dart
DA:11,1
DA:14,1
DA:15,4
DA:22,2
LF:4
LH:4
end_of_record
SF:lib/core/data/sources/go_to/go_to_source.dart
DA:23,1
DA:32,1
DA:36,3
DA:38,3
DA:40,3
DA:42,3
DA:44,3
DA:45,1
DA:46,1
DA:47,1
DA:51,2
LF:11
LH:11
end_of_record
SF:lib/core/data/sources/context/context_source.dart
DA:19,1
DA:28,1
DA:29,2
DA:30,1
DA:31,1
DA:32,2
DA:36,3
DA:38,3
DA:40,1
LF:9
LH:9
end_of_record
SF:lib/core/data/sources/device_registration/device_registration_source.dart
DA:23,1
DA:33,1
DA:36,3
DA:37,2
DA:38,5
DA:41,1
DA:42,1
DA:45,1
DA:46,1
DA:47,1
DA:48,2
DA:55,1
DA:58,3
LF:13
LH:13
end_of_record
SF:lib/core/data/sources/domain_options/domain_options_source.dart
DA:20,1
DA:29,1
DA:32,2
DA:33,3
DA:34,1
DA:35,1
DA:39,3
DA:41,3
LF:8
LH:8
end_of_record
SF:lib/core/data/repositories/go_to/go_to_repository_impl.dart
DA:12,1
DA:18,1
DA:22,3
DA:27,3
DA:29,1
LF:5
LH:5
end_of_record
SF:lib/core/data/repositories/context/context_repository_impl.dart
DA:15,1
DA:21,1
DA:22,3
DA:27,3
DA:29,1
DA:30,1
DA:32,1
LF:7
LH:7
end_of_record
SF:lib/core/data/repositories/device_registration/device_registration_repository_impl.dart
DA:15,1
DA:21,1
DA:24,3
DA:29,3
DA:33,1
DA:34,1
DA:36,1
LF:7
LH:7
end_of_record
SF:lib/core/data/repositories/domain_options/domain_options_repository_impl.dart
DA:15,1
DA:21,1
DA:24,3
DA:29,3
DA:33,1
DA:34,1
DA:36,1
LF:7
LH:7
end_of_record
SF:lib/core/data/repositories/global/global_repository_impl.dart
DA:16,1
DA:23,1
DA:26,3
DA:31,1
DA:32,2
DA:35,2
DA:38,2
DA:40,2
DA:41,1
DA:42,1
DA:44,1
LF:11
LH:11
end_of_record
SF:lib/core/hive_controller.dart
DA:9,1
DA:13,0
LF:2
LH:1
end_of_record
SF:lib/core/network/network_info.dart
DA:11,2
DA:13,1
DA:15,2
LF:3
LH:3
end_of_record
SF:lib/core/network/network_manager.dart
DA:27,3
DA:37,0
DA:38,0
DA:39,0
DA:42,1
DA:43,3
DA:44,2
DA:45,1
DA:47,1
DA:48,3
DA:49,1
DA:50,1
DA:51,2
DA:54,4
DA:56,2
DA:58,2
DA:60,1
DA:62,1
DA:66,1
DA:67,3
DA:68,2
DA:69,1
DA:71,1
DA:73,2
DA:75,1
DA:76,1
DA:77,1
DA:78,2
DA:80,1
DA:83,4
DA:85,2
DA:87,2
DA:89,1
DA:91,1
DA:95,0
DA:96,0
DA:97,0
DA:98,0
DA:100,0
DA:102,0
DA:103,0
DA:104,0
DA:105,0
DA:108,0
DA:110,0
DA:112,0
DA:114,0
DA:116,0
DA:120,1
DA:121,3
DA:122,2
DA:123,1
DA:125,1
DA:127,2
DA:129,1
DA:130,1
DA:131,1
DA:132,2
DA:134,1
DA:137,4
DA:139,2
DA:141,2
DA:143,0
DA:145,1
DA:149,1
DA:154,2
DA:156,3
DA:157,2
DA:162,2
DA:171,1
DA:173,2
DA:174,0
DA:175,0
DA:178,1
DA:184,1
DA:185,1
DA:188,1
DA:190,2
DA:191,1
DA:196,1
DA:197,3
DA:198,1
DA:199,1
DA:200,1
DA:201,1
DA:202,1
LF:86
LH:66
end_of_record
SF:lib/core/network/endpoint_builder.dart
DA:7,18
DA:11,16
DA:12,16
DA:14,32
DA:15,48
DA:17,16
LF:6
LH:6
end_of_record
SF:lib/core/util/authentication_utils.dart
DA:17,2
DA:25,1
DA:26,3
DA:28,1
DA:33,1
DA:36,1
DA:39,2
DA:40,3
DA:42,3
DA:44,2
DA:45,2
DA:47,1
DA:49,2
DA:54,1
DA:55,2
DA:57,1
DA:58,2
DA:62,3
DA:64,1
LF:19
LH:19
end_of_record
SF:lib/core/domain/entities/go_to/go_to_entity.dart
DA:17,2
DA:18,2
LF:2
LH:2
end_of_record
SF:lib/core/domain/entities/context/context_contact_entity.dart
DA:25,3
DA:26,3
LF:2
LH:2
end_of_record
SF:lib/core/domain/entities/context/context_domain_digest_entity.dart
DA:15,3
DA:16,3
LF:2
LH:2
end_of_record
SF:lib/core/domain/entities/context/context_domain_entity.dart
DA:19,3
DA:20,3
LF:2
LH:2
end_of_record
SF:lib/core/domain/entities/context/context_switch_domain_entity.dart
DA:19,3
DA:20,3
LF:2
LH:2
end_of_record
SF:lib/core/domain/entities/domain_options/domain_options_about_options_entity.dart
DA:17,3
DA:18,3
LF:2
LH:2
end_of_record
SF:lib/core/domain/entities/domain_options/domain_options_country_entity.dart
DA:21,3
DA:22,3
LF:2
LH:2
end_of_record
SF:lib/core/domain/entities/domain_options/domain_options_public_options_entity.dart
DA:16,3
DA:17,3
LF:2
LH:2
end_of_record
SF:lib/core/domain/entities/domain_options/domain_options_sso_options_entity.dart
DA:20,3
DA:21,3
LF:2
LH:2
end_of_record
SF:lib/core/domain/entities/domain_options/domain_options_language_entity.dart
DA:17,3
DA:18,3
LF:2
LH:2
end_of_record
SF:lib/core/domain/entities/domain_options/domain_options_splash_options_entity.dart
DA:18,3
DA:19,3
LF:2
LH:2
end_of_record
SF:lib/core/domain/entities/domain_options/domain_options_voucher_options_entity.dart
DA:16,3
DA:17,3
LF:2
LH:2
end_of_record
SF:lib/core/domain/icon_entity.dart
DA:17,3
DA:18,3
LF:2
LH:2
end_of_record
SF:lib/core/foundation/immutable_list.dart
DA:6,2
DA:7,4
DA:10,2
DA:12,2
DA:13,4
DA:14,2
DA:17,2
DA:18,18
DA:21,1
DA:22,5
DA:25,2
DA:26,10
DA:29,1
DA:30,9
DA:33,2
DA:34,4
DA:37,2
DA:38,2
DA:39,2
DA:43,2
DA:44,2
DA:45,6
DA:46,2
DA:48,4
DA:49,2
DA:52,4
DA:57,4
DA:60,2
DA:61,2
DA:64,1
DA:65,2
DA:69,1
DA:70,1
DA:71,2
DA:75,1
DA:78,2
DA:79,17
DA:82,2
DA:83,2
DA:84,2
DA:87,1
DA:88,2
LF:42
LH:42
end_of_record
SF:lib/core/hooks/completer_hook.dart
DA:7,7
DA:8,7
DA:14,7
DA:16,14
DA:18,7
DA:21,7
DA:22,7
DA:25,7
DA:26,14
LF:9
LH:9
end_of_record
SF:lib/core/hooks/use_page_controller.dart
DA:4,0
DA:8,0
DA:15,0
DA:20,0
DA:21,0
DA:28,0
DA:30,0
DA:33,0
DA:34,0
DA:36,0
DA:37,0
LF:11
LH:0
end_of_record
SF:lib/services/navigation_service_model.dart
DA:8,7
DA:14,1
DA:15,4
DA:17,0
LF:4
LH:3
end_of_record
SF:lib/views/nav/domain/entities/nav_entity.dart
DA:32,2
DA:33,2
LF:2
LH:2
end_of_record
SF:lib/helpers/extensions.dart
DA:2,13
DA:3,13
LF:2
LH:2
end_of_record
SF:lib/helpers/input_delegate.dart
DA:7,1
DA:16,2
DA:18,1
DA:19,1
DA:20,1
DA:28,1
DA:29,1
DA:30,1
DA:31,1
DA:36,0
DA:37,0
DA:40,0
DA:44,0
LF:13
LH:9
end_of_record
SF:lib/styles/theme/alert_dialog_theme.dart
DA:10,39
DA:15,1
DA:16,1
DA:17,2
DA:18,3
DA:26,39
DA:30,1
DA:31,1
DA:32,3
DA:43,39
DA:50,1
DA:54,1
DA:55,1
DA:58,1
DA:59,2
DA:60,1
DA:61,1
DA:63,2
DA:64,1
DA:65,1
DA:67,2
DA:68,1
DA:69,1
DA:71,2
DA:72,1
DA:73,1
DA:85,39
DA:92,1
DA:96,1
DA:97,2
DA:98,2
DA:99,2
DA:100,1
LF:33
LH:33
end_of_record
SF:lib/styles/theme/theme_button_model.dart
DA:13,39
DA:21,19
DA:22,19
DA:24,19
DA:25,38
DA:26,38
DA:27,38
DA:28,38
DA:29,38
LF:9
LH:9
end_of_record
SF:lib/views/social_feed/presentation/views/feeds_list_view.dart
DA:13,0
DA:16,0
DA:18,0
DA:19,0
DA:20,0
DA:21,0
DA:23,0
DA:24,0
DA:25,0
DA:26,0
DA:27,0
DA:28,0
DA:29,0
DA:30,0
DA:38,0
DA:39,0
DA:40,0
DA:46,0
DA:47,0
DA:48,0
DA:50,0
DA:51,0
DA:52,0
DA:53,0
DA:55,0
DA:63,0
LF:26
LH:0
end_of_record
SF:lib/views/social_feed/presentation/views/feed_view.dart
DA:18,0
DA:22,0
DA:24,0
DA:25,0
DA:26,0
DA:27,0
DA:31,0
DA:33,0
DA:34,0
DA:38,0
DA:39,0
DA:40,0
DA:41,0
DA:42,0
DA:43,0
DA:44,0
DA:51,0
DA:55,0
DA:59,0
DA:62,0
DA:66,0
DA:67,0
LF:22
LH:0
end_of_record
SF:lib/views/social_feed/presentation/views/feed_comment_view.dart
DA:26,0
DA:32,0
DA:34,0
DA:35,0
DA:37,0
DA:38,0
DA:40,0
DA:41,0
DA:44,0
DA:45,0
DA:50,0
DA:51,0
DA:52,0
DA:53,0
DA:54,0
DA:55,0
DA:57,0
DA:63,0
DA:64,0
DA:65,0
DA:66,0
DA:67,0
DA:72,0
DA:74,0
DA:76,0
DA:77,0
DA:78,0
DA:85,0
DA:86,0
DA:87,0
DA:88,0
DA:89,0
DA:90,0
DA:91,0
DA:92,0
DA:93,0
DA:101,0
DA:102,0
DA:103,0
DA:104,0
DA:108,0
DA:109,0
DA:111,0
DA:112,0
DA:113,0
DA:115,0
DA:116,0
DA:123,0
DA:124,0
DA:126,0
DA:128,0
DA:129,0
DA:130,0
DA:135,0
DA:136,0
DA:137,0
DA:138,0
DA:139,0
DA:140,0
DA:141,0
DA:142,0
DA:150,0
DA:151,0
DA:152,0
LF:64
LH:0
end_of_record
SF:lib/views/social_feed/domain/entities/feed_post_entity.dart
DA:29,3
DA:30,3
LF:2
LH:2
end_of_record
SF:lib/views/social_feed/domain/entities/feed_entity.dart
DA:26,2
DA:27,2
LF:2
LH:2
end_of_record
SF:lib/views/social_feed/presentation/widgets/feed_post_widgets/image_displays/post_images_view.dart
DA:16,0
DA:22,0
DA:24,0
DA:26,0
DA:28,0
DA:29,0
DA:31,0
DA:33,0
DA:34,0
DA:37,0
DA:39,0
LF:11
LH:0
end_of_record
SF:lib/views/social_feed/domain/entities/post_files_entity.dart
DA:14,2
DA:15,2
LF:2
LH:2
end_of_record
SF:lib/views/social_feed/presentation/views/feed_create_or_edit_post_view.dart
DA:31,0
DA:35,0
DA:37,0
DA:38,0
DA:40,0
DA:41,0
DA:44,0
DA:45,0
DA:49,0
DA:50,0
DA:51,0
DA:56,0
DA:57,0
DA:58,0
DA:59,0
DA:67,0
DA:69,0
DA:71,0
DA:72,0
DA:73,0
DA:75,0
DA:77,0
DA:78,0
DA:80,0
DA:82,0
DA:88,0
DA:92,0
DA:94,0
DA:96,0
DA:98,0
DA:99,0
DA:105,0
DA:106,0
DA:107,0
DA:109,0
DA:110,0
DA:115,0
DA:118,0
DA:125,0
DA:126,0
DA:127,0
DA:129,0
DA:130,0
DA:131,0
DA:133,0
DA:134,0
DA:135,0
DA:136,0
DA:137,0
DA:147,0
DA:151,0
DA:152,0
DA:155,0
DA:159,0
DA:163,0
DA:166,0
DA:167,0
DA:173,0
DA:175,0
DA:176,0
LF:60
LH:0
end_of_record
SF:lib/views_auth/landing_view/landing_view.dart
DA:30,1
DA:31,1
DA:41,1
DA:42,1
DA:43,1
DA:46,1
DA:48,4
DA:50,1
DA:51,1
DA:54,1
DA:56,1
DA:57,1
DA:59,1
DA:60,1
DA:61,1
DA:62,1
DA:63,1
DA:64,1
DA:65,1
DA:67,1
DA:68,1
DA:69,1
DA:70,1
DA:73,1
DA:82,1
DA:86,4
DA:87,1
DA:90,1
DA:92,2
DA:93,1
DA:96,1
DA:97,1
DA:98,1
DA:99,1
DA:102,1
DA:103,1
DA:106,1
DA:107,1
DA:111,1
DA:116,1
DA:117,1
DA:118,1
DA:120,1
DA:121,1
DA:127,1
DA:132,1
DA:133,2
DA:134,1
DA:135,1
DA:137,1
DA:138,1
DA:139,1
DA:140,1
DA:147,1
DA:151,1
DA:152,1
DA:153,2
DA:154,1
DA:156,1
DA:157,2
DA:158,2
DA:159,1
DA:160,1
DA:163,1
DA:164,1
DA:171,1
DA:175,2
DA:177,1
DA:179,1
DA:180,1
DA:181,2
DA:182,1
DA:183,2
DA:186,1
DA:193,1
DA:197,1
DA:199,2
DA:201,1
DA:202,1
DA:203,2
DA:204,1
DA:207,1
DA:208,1
DA:209,1
DA:213,1
DA:214,1
DA:215,1
DA:219,1
DA:220,2
DA:223,1
DA:224,3
DA:225,2
DA:226,2
DA:227,1
LF:94
LH:94
end_of_record
SF:lib/views_auth/login_view/login_view.dart
DA:34,1
DA:35,1
DA:60,1
DA:62,1
DA:63,2
DA:66,1
DA:68,1
DA:70,1
DA:71,1
DA:76,1
DA:78,4
DA:79,4
DA:81,4
DA:82,2
DA:85,1
DA:87,1
DA:88,2
DA:89,2
DA:92,1
DA:93,1
DA:94,1
DA:95,2
DA:98,1
DA:99,2
DA:105,1
DA:110,2
DA:112,1
DA:113,1
DA:114,1
DA:115,1
DA:116,1
DA:117,1
DA:118,1
DA:121,1
DA:123,1
DA:126,1
DA:127,1
DA:128,1
DA:129,1
DA:131,1
DA:136,1
DA:139,2
DA:140,1
DA:141,2
DA:143,1
DA:146,1
DA:149,1
DA:150,1
DA:152,1
DA:153,1
DA:156,1
DA:157,1
DA:158,1
DA:166,1
DA:170,1
DA:171,3
DA:172,4
DA:176,3
DA:177,4
DA:181,2
DA:182,2
DA:184,1
DA:186,1
DA:190,1
DA:191,2
DA:194,1
DA:195,2
DA:196,1
DA:200,1
DA:204,1
DA:205,1
DA:206,1
DA:207,1
DA:209,3
DA:210,1
DA:212,4
DA:213,1
DA:214,0
DA:216,0
DA:219,1
DA:220,1
DA:226,1
DA:228,1
DA:235,1
DA:238,5
DA:240,2
DA:241,1
DA:244,4
DA:246,2
DA:247,1
DA:248,1
DA:249,1
DA:251,2
DA:253,2
DA:254,1
DA:255,1
DA:259,1
DA:262,1
DA:263,2
DA:264,1
DA:265,1
DA:270,1
DA:273,2
DA:275,1
DA:276,1
DA:277,1
DA:278,1
DA:284,0
DA:285,0
DA:286,0
DA:288,0
DA:289,0
DA:292,0
DA:293,0
DA:294,0
DA:296,0
DA:299,1
DA:300,2
DA:301,4
DA:305,2
LF:120
LH:109
end_of_record
SF:lib/views_auth/register_view/presentation/register_view.dart
DA:17,1
DA:19,1
DA:21,1
DA:22,1
DA:28,1
DA:30,1
DA:32,1
DA:36,1
DA:37,1
DA:38,2
DA:39,1
DA:40,1
DA:42,1
DA:44,1
DA:45,2
DA:46,2
DA:49,1
DA:53,1
DA:54,1
DA:55,2
DA:58,1
DA:59,2
LF:22
LH:22
end_of_record
SF:lib/views_auth/splash_view/splash_view.dart
DA:24,1
DA:26,1
DA:29,1
DA:35,1
DA:36,4
DA:39,4
DA:41,1
DA:42,1
DA:43,1
DA:44,1
DA:45,1
DA:46,1
DA:48,1
DA:52,1
DA:57,4
DA:58,1
DA:63,1
DA:64,1
DA:65,1
DA:66,2
DA:69,1
DA:73,1
DA:74,1
DA:75,1
DA:76,1
DA:78,1
DA:79,2
DA:81,1
DA:82,3
DA:83,1
DA:85,2
DA:86,1
LF:32
LH:32
end_of_record
SF:lib/views_auth/otp_view/otp_view.dart
DA:33,0
DA:36,0
DA:37,0
DA:38,0
DA:39,0
DA:42,0
DA:43,0
DA:56,0
DA:60,0
DA:62,0
DA:63,0
DA:67,0
DA:69,0
DA:71,0
DA:75,0
DA:76,0
DA:78,0
DA:80,0
DA:82,0
DA:83,0
DA:84,0
DA:87,0
DA:88,0
DA:89,0
DA:90,0
DA:93,0
DA:94,0
DA:95,0
DA:98,0
DA:99,0
DA:105,0
DA:106,0
DA:107,0
DA:112,0
DA:116,0
DA:117,0
DA:118,0
DA:119,0
DA:120,0
DA:122,0
DA:123,0
DA:124,0
DA:127,0
DA:129,0
DA:132,0
DA:133,0
DA:134,0
DA:135,0
DA:137,0
DA:148,0
DA:149,0
DA:150,0
DA:151,0
DA:156,0
DA:158,0
DA:159,0
DA:160,0
DA:164,0
DA:170,0
DA:174,0
DA:176,0
DA:177,0
DA:179,0
DA:185,0
DA:186,0
DA:188,0
DA:190,0
DA:191,0
DA:194,0
DA:195,0
DA:196,0
DA:197,0
DA:201,0
DA:202,0
DA:203,0
DA:205,0
DA:208,0
DA:212,0
DA:214,0
DA:218,0
DA:219,0
LF:81
LH:0
end_of_record
SF:lib/views_auth/otp_view/domain/entities/otp_entity.dart
DA:16,0
DA:17,0
LF:2
LH:0
end_of_record
SF:lib/views_auth/logging_in_view/presentation/logging_in_view.dart
DA:22,2
DA:33,1
DA:36,1
DA:38,1
DA:40,2
DA:42,2
DA:43,1
DA:45,2
DA:46,2
DA:50,1
DA:52,1
DA:54,1
DA:55,1
DA:56,2
DA:57,1
DA:58,1
DA:59,1
DA:61,1
DA:62,1
DA:66,1
DA:75,1
DA:79,1
DA:81,1
DA:82,2
DA:85,2
DA:87,1
DA:90,1
DA:91,1
DA:92,2
DA:93,1
DA:96,1
DA:97,1
DA:98,0
DA:99,2
DA:108,1
DA:109,3
DA:114,1
DA:115,2
DA:119,1
LF:39
LH:38
end_of_record
SF:lib/views_auth/help_view/faq_view.dart
DA:20,0
DA:22,0
DA:25,0
DA:26,0
DA:31,0
DA:32,0
DA:38,0
DA:39,0
DA:40,0
DA:41,0
DA:43,0
DA:44,0
DA:45,0
DA:46,0
DA:48,0
DA:51,0
DA:58,0
DA:59,0
DA:61,0
DA:62,0
DA:63,0
DA:69,0
DA:70,0
DA:71,0
DA:72,0
DA:74,0
DA:75,0
DA:76,0
DA:77,0
DA:78,0
DA:87,0
DA:88,0
DA:93,0
DA:94,0
LF:34
LH:0
end_of_record
SF:lib/views_auth/help_view/faq_answer_view.dart
DA:6,0
DA:8,0
LF:2
LH:0
end_of_record
SF:lib/views_auth/help_view/request_help_view.dart
DA:6,0
DA:8,0
LF:2
LH:0
end_of_record
SF:lib/views_auth/update_num_view/update_num_view.dart
DA:22,0
DA:23,0
DA:29,0
DA:31,0
DA:33,0
DA:34,0
DA:39,0
DA:40,0
DA:41,0
DA:42,0
DA:43,0
DA:44,0
DA:47,0
DA:48,0
DA:50,0
DA:52,0
DA:53,0
DA:54,0
DA:57,0
DA:61,0
DA:62,0
DA:63,0
DA:66,0
DA:67,0
LF:24
LH:0
end_of_record
SF:lib/views/about/about_view.dart
DA:10,1
DA:12,1
DA:14,1
DA:20,1
DA:22,4
DA:24,1
DA:25,1
DA:27,1
DA:29,1
DA:30,2
LF:10
LH:10
end_of_record
SF:lib/views_auth/tandc_view/presentation/tandc_view.dart
DA:27,2
DA:29,1
DA:30,1
DA:37,1
DA:39,3
DA:40,1
DA:41,1
DA:44,1
DA:46,1
DA:47,1
DA:48,1
DA:52,1
DA:53,1
DA:54,2
DA:55,1
DA:56,1
DA:57,1
DA:58,1
DA:59,1
DA:60,1
DA:63,1
DA:66,1
DA:67,2
DA:69,1
DA:72,1
DA:74,1
DA:78,1
DA:79,1
DA:81,1
DA:82,1
DA:87,0
DA:88,0
DA:89,0
DA:91,0
DA:93,0
DA:95,0
DA:96,0
DA:97,0
DA:100,0
DA:104,0
DA:110,0
DA:111,0
DA:112,0
DA:113,0
DA:118,0
DA:119,0
DA:120,0
LF:47
LH:30
end_of_record
SF:lib/views/error/error_view.dart
DA:10,1
DA:13,1
DA:15,1
DA:17,1
DA:19,1
DA:21,1
DA:22,1
DA:23,1
DA:25,2
LF:9
LH:9
end_of_record
SF:lib/views/digest/presentation/digest_view.dart
DA:21,1
DA:23,3
DA:24,1
DA:26,1
DA:27,1
DA:28,1
DA:29,1
DA:30,1
DA:32,1
DA:33,0
DA:34,0
DA:35,0
DA:36,0
DA:39,1
DA:40,1
DA:41,1
DA:46,1
DA:47,1
DA:48,0
DA:55,2
DA:56,1
DA:57,1
DA:58,1
DA:60,1
DA:61,2
DA:75,1
DA:76,1
DA:78,2
DA:79,3
DA:82,1
LF:30
LH:25
end_of_record
SF:lib/views/document/documents_view.dart
DA:21,0
DA:24,0
DA:26,0
DA:28,0
DA:29,0
DA:37,0
DA:41,0
DA:43,0
DA:46,0
DA:47,0
DA:49,0
DA:50,0
DA:52,0
DA:53,0
DA:54,0
DA:55,0
DA:56,0
DA:57,0
DA:59,0
DA:61,0
DA:63,0
DA:67,0
DA:68,0
DA:69,0
DA:70,0
DA:79,0
DA:83,0
DA:85,0
DA:87,0
DA:88,0
DA:89,0
DA:90,0
DA:95,0
DA:100,0
DA:102,0
DA:103,0
DA:105,0
DA:110,0
DA:114,0
DA:116,0
DA:117,0
DA:118,0
DA:119,0
DA:120,0
DA:125,0
DA:126,0
DA:127,0
DA:129,0
DA:130,0
DA:132,0
DA:133,0
DA:138,0
DA:139,0
DA:140,0
DA:144,0
DA:145,0
LF:56
LH:0
end_of_record
SF:lib/views/form/form_delegate_view.dart
DA:21,0
DA:25,0
DA:27,0
DA:28,0
DA:29,0
DA:30,0
DA:42,0
DA:46,0
DA:48,0
DA:49,0
DA:50,0
DA:54,0
DA:55,0
DA:56,0
DA:57,0
DA:58,0
DA:59,0
DA:60,0
DA:61,0
DA:63,0
DA:66,0
DA:67,0
DA:68,0
DA:69,0
DA:73,0
DA:76,0
DA:82,0
DA:86,0
DA:88,0
DA:89,0
DA:90,0
DA:92,0
DA:93,0
DA:94,0
DA:96,0
DA:98,0
DA:99,0
DA:100,0
DA:105,0
DA:106,0
DA:107,0
DA:110,0
DA:111,0
DA:112,0
DA:115,0
DA:116,0
DA:120,0
DA:121,0
DA:122,0
DA:126,0
DA:127,0
DA:128,0
DA:132,0
DA:133,0
DA:135,0
DA:137,0
DA:138,0
DA:139,0
DA:140,0
DA:142,0
DA:144,0
DA:145,0
DA:146,0
DA:147,0
DA:148,0
DA:149,0
DA:153,0
DA:154,0
DA:155,0
DA:156,0
DA:157,0
DA:158,0
DA:168,0
DA:169,0
DA:172,0
DA:173,0
DA:174,0
DA:175,0
DA:177,0
LF:79
LH:0
end_of_record
SF:lib/views/image/image_gallery_view.dart
DA:30,1
DA:33,1
DA:35,1
DA:37,1
DA:39,2
DA:41,1
DA:42,2
DA:43,1
DA:45,0
DA:46,0
DA:47,0
DA:48,0
DA:51,1
DA:52,1
DA:53,1
DA:54,1
DA:58,1
DA:61,1
DA:62,1
DA:64,2
DA:65,1
DA:66,0
DA:67,1
DA:73,1
DA:74,1
DA:76,2
DA:77,1
DA:78,1
DA:79,2
DA:81,0
DA:85,1
DA:86,1
DA:88,0
DA:97,0
DA:98,0
DA:99,0
DA:103,0
DA:104,0
DA:106,0
DA:108,0
DA:113,0
LF:41
LH:26
end_of_record
SF:lib/views/member_profile/presentation/member_profile_view.dart
DA:19,1
DA:21,1
DA:23,2
DA:24,1
DA:28,1
DA:29,1
DA:30,1
DA:31,1
DA:32,1
DA:33,1
DA:35,1
DA:36,3
DA:37,1
DA:38,2
DA:39,1
DA:40,2
DA:42,1
DA:43,1
DA:44,1
DA:45,1
DA:46,1
DA:47,1
DA:51,2
DA:52,1
DA:53,2
DA:54,1
DA:66,1
DA:70,1
DA:72,1
DA:73,1
DA:74,1
DA:76,1
DA:78,1
DA:83,1
DA:87,5
DA:92,3
LF:36
LH:36
end_of_record
SF:lib/views/nav/presentation/nav_content_view.dart
DA:24,1
DA:27,1
DA:29,1
DA:31,6
DA:33,1
DA:35,1
DA:36,1
DA:37,2
DA:38,1
DA:39,1
DA:41,1
DA:42,1
DA:48,1
DA:49,1
DA:53,2
DA:56,1
DA:57,1
DA:59,2
DA:67,1
DA:71,1
DA:72,1
DA:73,1
DA:74,2
DA:75,1
DA:81,1
DA:85,1
DA:86,5
DA:87,1
DA:89,1
DA:90,1
DA:92,1
DA:93,2
DA:94,1
DA:96,1
DA:97,1
DA:103,1
DA:104,4
LF:37
LH:37
end_of_record
SF:lib/views/nav/presentation/nav_document_view.dart
DA:23,1
DA:26,1
DA:28,1
DA:30,1
DA:32,6
DA:34,1
DA:36,0
DA:37,0
DA:38,0
DA:39,0
DA:42,1
DA:43,1
DA:44,1
DA:45,1
DA:47,1
DA:50,1
DA:51,1
DA:53,1
DA:54,1
DA:55,0
DA:56,1
DA:63,1
DA:64,1
DA:68,2
DA:71,1
DA:72,1
DA:74,2
DA:82,1
DA:86,1
DA:87,1
DA:88,1
DA:89,1
DA:90,1
DA:91,1
DA:93,2
DA:96,1
DA:104,1
DA:105,4
DA:107,1
LF:39
LH:34
end_of_record
SF:lib/views/nav/presentation/nav_general_view.dart
DA:26,1
DA:29,1
DA:31,1
DA:33,1
DA:34,6
DA:36,1
DA:38,0
DA:39,0
DA:40,0
DA:41,0
DA:44,1
DA:45,1
DA:46,2
DA:47,1
DA:51,1
DA:52,1
DA:53,1
DA:55,1
DA:56,0
DA:57,1
DA:58,1
DA:62,1
DA:63,1
DA:67,2
DA:70,1
DA:71,1
DA:73,2
DA:81,1
DA:85,2
DA:86,1
DA:88,1
DA:89,1
DA:92,1
DA:93,1
DA:97,1
DA:99,1
DA:100,2
DA:101,1
DA:102,1
DA:103,1
DA:104,1
DA:106,1
DA:109,1
DA:111,1
DA:112,3
DA:117,1
DA:121,2
DA:122,1
DA:123,1
DA:126,1
DA:130,4
DA:132,1
LF:52
LH:47
end_of_record
SF:lib/views/nav/presentation/nav_home_view.dart
DA:23,1
DA:25,1
DA:26,3
DA:28,1
DA:30,0
DA:31,0
DA:32,0
DA:33,0
DA:36,1
DA:37,1
DA:38,2
DA:39,1
DA:41,1
DA:42,1
DA:43,0
DA:44,1
DA:45,1
DA:50,1
DA:51,1
DA:55,2
DA:58,1
DA:59,1
DA:61,2
DA:69,1
DA:75,2
DA:76,1
DA:78,1
DA:79,1
DA:82,1
DA:83,1
DA:87,1
DA:89,1
DA:90,1
DA:92,1
DA:93,1
DA:96,3
DA:101,1
DA:105,2
DA:106,1
DA:107,1
DA:110,1
DA:114,1
DA:116,1
LF:43
LH:38
end_of_record
SF:lib/views/notifications/presentation/notifications_view.dart
DA:26,1
DA:27,1
DA:36,1
DA:38,2
DA:40,1
DA:43,1
DA:45,3
DA:46,1
DA:48,1
DA:49,1
DA:50,1
DA:51,1
DA:52,1
DA:53,1
DA:55,1
DA:61,2
DA:62,2
DA:64,1
DA:70,1
DA:71,1
DA:73,1
DA:74,1
DA:75,1
DA:84,1
DA:85,1
DA:88,1
DA:89,1
DA:90,2
DA:91,1
DA:92,1
DA:93,1
DA:105,1
DA:109,1
DA:110,1
DA:112,1
DA:113,1
DA:115,1
DA:117,1
DA:118,1
DA:119,1
DA:121,1
DA:123,0
DA:124,0
DA:130,1
DA:131,1
DA:142,1
DA:143,1
DA:145,2
DA:146,1
DA:147,1
DA:148,2
DA:149,1
DA:150,1
DA:151,1
DA:161,1
DA:166,1
DA:167,1
DA:168,1
DA:170,2
DA:171,1
DA:172,1
DA:173,1
DA:174,1
DA:175,1
DA:176,1
DA:177,1
DA:178,1
DA:179,3
DA:183,1
DA:192,0
DA:193,0
DA:196,0
DA:197,0
DA:198,0
DA:201,0
DA:204,0
DA:209,0
LF:77
LH:67
end_of_record
SF:lib/views/pinboard/pinboard_view.dart
DA:25,0
DA:29,0
DA:31,0
DA:32,0
DA:33,0
DA:34,0
DA:43,0
DA:47,0
DA:49,0
DA:52,0
DA:53,0
DA:54,0
DA:55,0
DA:56,0
DA:57,0
DA:59,0
DA:60,0
DA:61,0
DA:62,0
DA:63,0
DA:64,0
DA:65,0
DA:67,0
DA:71,0
DA:72,0
DA:73,0
DA:74,0
DA:86,0
DA:91,0
DA:93,0
DA:94,0
DA:98,0
DA:103,0
DA:105,0
DA:106,0
DA:107,0
DA:108,0
DA:111,0
DA:112,0
DA:115,0
DA:116,0
DA:117,0
DA:119,0
DA:120,0
DA:126,0
DA:131,0
DA:135,0
DA:137,0
DA:138,0
DA:139,0
DA:140,0
DA:141,0
DA:142,0
DA:144,0
DA:150,0
DA:155,0
DA:156,0
DA:157,0
DA:158,0
DA:160,0
DA:162,0
DA:163,0
DA:168,0
DA:172,0
DA:173,0
DA:176,0
DA:177,0
DA:178,0
DA:181,0
DA:182,0
DA:183,0
DA:186,0
DA:187,0
DA:191,0
DA:192,0
DA:194,0
DA:195,0
DA:196,0
DA:197,0
DA:204,0
DA:209,0
DA:211,0
DA:212,0
DA:214,0
DA:215,0
DA:223,0
DA:224,0
DA:225,0
DA:228,0
DA:229,0
DA:230,0
DA:234,0
DA:235,0
DA:239,0
DA:240,0
DA:241,0
DA:245,0
LF:97
LH:0
end_of_record
SF:lib/views/video/presentation/video_view.dart
DA:25,3
DA:32,1
DA:34,1
DA:36,2
DA:37,4
DA:39,1
DA:40,1
DA:41,1
DA:42,0
DA:43,0
DA:44,0
DA:45,0
DA:48,1
DA:49,1
DA:50,1
DA:51,1
DA:58,1
DA:59,1
DA:60,1
DA:62,1
DA:64,2
DA:65,1
DA:66,1
DA:67,0
DA:70,1
DA:71,1
DA:72,2
DA:82,1
DA:83,2
DA:84,2
DA:85,3
DA:88,1
LF:32
LH:27
end_of_record
SF:lib/views/video/presentation/videos_view.dart
DA:29,1
DA:34,1
DA:36,1
DA:38,6
DA:40,1
DA:41,1
DA:42,1
DA:43,1
DA:45,1
DA:46,1
DA:47,1
DA:49,0
DA:50,0
DA:51,0
DA:52,0
DA:55,1
DA:56,1
DA:58,1
DA:63,1
DA:64,1
DA:66,1
DA:67,1
DA:69,0
DA:70,2
DA:73,1
DA:74,1
DA:75,1
DA:76,2
DA:79,1
DA:80,1
DA:82,2
DA:92,1
DA:93,1
DA:95,2
DA:96,2
DA:101,1
DA:106,2
DA:107,1
DA:109,3
DA:112,1
LF:40
LH:35
end_of_record
SF:lib/views/voucher/voucher_view.dart
DA:18,1
DA:20,1
DA:23,1
DA:27,1
DA:28,4
DA:30,1
DA:31,1
DA:32,1
DA:33,1
DA:34,1
DA:35,1
DA:37,1
DA:38,1
DA:39,1
DA:40,1
DA:44,1
DA:45,1
DA:47,1
DA:56,1
DA:57,3
DA:58,1
DA:59,1
DA:60,1
DA:61,1
DA:67,1
DA:68,2
DA:72,2
DA:75,1
DA:79,1
DA:85,1
DA:86,1
DA:87,1
DA:89,1
DA:97,1
DA:99,1
DA:100,1
DA:101,1
DA:103,1
LF:38
LH:38
end_of_record
SF:lib/views_controller/components/gallery_tab.dart
DA:24,1
DA:25,1
DA:32,1
DA:34,2
DA:36,3
DA:37,2
DA:39,2
DA:44,1
DA:47,1
DA:49,1
DA:50,2
DA:51,1
DA:52,0
DA:53,1
DA:54,1
DA:55,1
DA:56,1
DA:57,1
DA:58,1
DA:62,1
DA:65,1
DA:66,2
DA:67,2
DA:68,1
DA:70,1
DA:71,1
DA:73,1
DA:74,1
DA:76,1
DA:86,1
DA:87,1
DA:89,2
DA:90,1
DA:91,1
DA:92,2
DA:94,1
DA:99,1
DA:103,1
DA:105,2
DA:106,1
DA:107,1
DA:108,1
DA:116,0
DA:117,0
DA:118,0
DA:120,0
DA:125,0
LF:47
LH:41
end_of_record
SF:lib/shared/widgets/action_bar_button.dart
DA:12,1
DA:18,1
DA:20,1
DA:22,1
DA:23,1
DA:25,1
DA:26,1
DA:27,1
DA:28,1
DA:29,2
DA:30,1
LF:11
LH:11
end_of_record
SF:lib/shared/widgets/pill.dart
DA:19,2
DA:27,2
DA:29,2
DA:31,4
DA:33,8
DA:34,6
DA:36,2
DA:38,2
DA:39,2
DA:40,2
DA:41,2
DA:42,2
DA:43,2
DA:45,2
DA:46,2
DA:48,2
DA:49,4
DA:50,4
DA:51,2
DA:52,4
DA:55,2
DA:56,2
DA:57,2
DA:59,6
DA:61,4
LF:25
LH:25
end_of_record
SF:lib/shared/widgets/custom_fab.dart
DA:12,154
DA:13,154
DA:14,154
DA:15,154
DA:16,154
DA:19,3
DA:33,1
DA:42,1
DA:44,1
DA:46,3
DA:47,4
DA:48,3
DA:50,1
DA:53,1
DA:57,1
DA:58,1
DA:59,1
DA:60,1
DA:61,1
DA:64,1
DA:68,1
DA:72,1
DA:74,1
DA:75,2
DA:76,1
DA:80,1
DA:84,1
DA:86,1
DA:87,1
DA:88,1
DA:89,1
DA:91,1
DA:92,2
DA:96,1
DA:100,1
DA:102,1
DA:103,1
DA:104,1
DA:105,1
DA:107,1
DA:108,1
DA:109,2
LF:42
LH:42
end_of_record
SF:lib/shared/widgets/draw_navigation/api_nav_items.dart
DA:24,1
DA:27,4
DA:29,1
DA:30,1
DA:32,1
DA:34,2
DA:35,3
DA:38,1
DA:39,1
DA:40,1
DA:41,1
DA:42,1
DA:45,1
DA:48,1
DA:49,1
DA:50,3
DA:52,1
DA:53,1
DA:54,1
DA:56,1
DA:61,1
DA:66,1
DA:67,2
DA:68,1
DA:69,2
DA:71,2
DA:72,2
DA:73,3
DA:77,2
DA:78,2
DA:79,3
DA:81,3
DA:84,3
DA:85,2
DA:86,4
DA:90,1
DA:92,1
DA:93,1
DA:95,1
DA:96,1
DA:97,1
DA:98,1
DA:99,2
DA:100,1
DA:102,1
DA:103,1
DA:105,2
LF:47
LH:47
end_of_record
SF:lib/shared/widgets/draw_navigation/api_nav_items_public.dart
DA:15,1
DA:17,5
DA:19,1
DA:20,1
DA:21,1
DA:22,1
DA:23,1
DA:26,1
DA:27,1
DA:28,2
DA:29,3
DA:31,1
DA:33,1
DA:34,1
DA:36,1
DA:37,1
DA:38,1
DA:40,1
DA:41,1
DA:43,2
DA:44,3
LF:21
LH:21
end_of_record
SF:lib/shared/widgets/draw_navigation/app_nav_items.dart
DA:23,1
DA:25,1
DA:27,4
DA:29,1
DA:30,1
DA:31,1
DA:32,1
DA:33,1
DA:36,1
DA:40,1
DA:41,1
DA:42,1
DA:43,2
DA:44,2
DA:47,3
DA:49,1
DA:50,2
DA:51,1
DA:53,1
DA:54,1
DA:56,1
DA:57,1
DA:58,1
DA:60,3
DA:61,1
DA:63,2
DA:64,3
DA:69,2
DA:70,1
DA:71,3
DA:74,2
DA:80,1
DA:81,1
DA:83,1
DA:84,1
DA:85,2
DA:86,3
DA:87,1
DA:88,1
DA:90,2
DA:91,3
DA:93,1
DA:95,2
DA:96,1
DA:97,3
DA:98,0
LF:46
LH:45
end_of_record
SF:lib/shared/widgets/draw_navigation/app_nav_items_public.dart
DA:11,1
DA:13,1
DA:14,1
DA:15,1
DA:16,1
DA:17,1
DA:20,1
DA:24,1
DA:25,1
DA:26,3
DA:29,2
LF:11
LH:11
end_of_record
SF:lib/shared/widgets/draw_navigation/drawer_navigation.dart
DA:13,1
DA:15,5
DA:19,1
DA:21,1
DA:22,1
DA:23,1
DA:27,1
DA:28,1
DA:29,1
DA:30,1
DA:31,1
DA:33,1
DA:34,1
DA:36,1
DA:37,1
DA:40,1
DA:41,1
DA:42,1
DA:44,2
LF:19
LH:19
end_of_record
SF:lib/shared/widgets/draw_navigation/drawer_navigation_header.dart
DA:17,1
DA:19,5
DA:20,4
DA:22,1
DA:24,4
DA:27,1
DA:31,1
DA:36,1
DA:37,1
DA:38,1
DA:39,1
DA:40,1
DA:41,1
DA:44,1
DA:47,1
DA:48,3
DA:49,1
DA:50,1
DA:51,1
DA:53,1
DA:54,2
DA:63,1
DA:68,1
DA:70,1
DA:71,2
DA:72,1
LF:26
LH:26
end_of_record
SF:lib/shared/widgets/profile_picture.dart
DA:14,2
DA:20,2
DA:22,3
DA:24,6
DA:25,6
DA:27,3
DA:29,6
DA:30,3
DA:32,3
DA:34,3
DA:35,3
DA:36,3
DA:37,3
DA:38,3
DA:39,3
DA:40,6
DA:42,3
DA:43,1
DA:44,3
DA:46,3
DA:47,3
DA:48,3
DA:49,3
DA:50,6
DA:51,6
LF:25
LH:25
end_of_record
SF:lib/styles/theme/theme_drawer_model.dart
DA:9,39
DA:14,1
DA:15,1
DA:16,2
DA:17,3
DA:27,39
DA:33,1
DA:34,1
DA:36,1
DA:37,2
DA:38,2
DA:39,2
DA:50,39
DA:57,1
DA:58,1
DA:59,1
DA:60,3
DA:61,2
DA:62,2
LF:19
LH:19
end_of_record
SF:lib/shared/widgets/error_display.dart
DA:19,14
DA:24,14
DA:26,14
DA:27,14
DA:29,14
DA:35,14
DA:36,14
DA:37,14
DA:39,14
DA:40,28
DA:41,12
DA:42,12
DA:45,12
DA:47,1
DA:48,1
DA:51,1
DA:53,1
DA:54,1
DA:57,1
DA:59,1
DA:60,1
DA:62,1
DA:65,1
DA:67,1
DA:68,1
DA:71,1
DA:73,1
DA:74,1
DA:77,1
DA:79,9
DA:80,9
DA:83,14
DA:84,12
DA:85,12
DA:87,16
DA:90,12
DA:91,12
DA:103,14
DA:104,14
DA:106,14
DA:108,14
DA:109,14
DA:110,14
DA:117,8
DA:118,8
DA:120,24
DA:122,4
DA:123,2
LF:48
LH:48
end_of_record
SF:lib/shared/widgets/phone_number_picker/country_code_picker.dart
DA:20,2
DA:25,2
DA:27,2
DA:29,8
DA:30,2
DA:32,2
DA:33,2
DA:34,2
DA:35,2
DA:36,2
DA:40,2
DA:41,2
DA:42,2
DA:43,2
DA:44,2
DA:45,2
DA:47,2
DA:48,6
DA:49,4
DA:50,2
DA:51,8
DA:54,2
DA:56,2
DA:65,1
DA:66,4
DA:67,1
DA:69,1
DA:71,1
DA:72,1
DA:73,1
DA:74,1
DA:77,1
DA:78,2
DA:79,1
DA:80,1
DA:81,2
DA:82,1
DA:83,1
DA:84,4
LF:39
LH:39
end_of_record
SF:lib/shared/widgets/phone_number_picker/country_code_row.dart
DA:17,1
DA:23,1
DA:25,1
DA:27,5
DA:29,1
DA:30,1
DA:31,1
DA:32,3
DA:33,1
DA:34,5
DA:35,4
DA:36,3
DA:39,1
DA:40,1
DA:41,1
DA:43,1
DA:45,1
DA:46,1
DA:47,1
DA:48,1
DA:49,1
DA:50,1
DA:52,1
DA:53,3
DA:54,2
DA:55,1
DA:56,4
DA:59,1
DA:60,5
DA:65,5
DA:66,1
DA:68,2
DA:74,4
LF:33
LH:33
end_of_record
SF:lib/shared/widgets/phone_number_picker/msisdn_field.dart
DA:19,2
DA:29,2
DA:31,2
DA:33,8
DA:35,2
DA:36,4
DA:37,4
DA:40,2
DA:41,4
DA:42,4
DA:45,2
DA:46,6
DA:48,2
DA:49,4
DA:51,2
DA:54,4
DA:56,4
DA:59,1
DA:60,2
DA:61,3
DA:67,0
DA:68,0
DA:70,1
DA:71,1
DA:72,4
DA:76,1
DA:77,7
DA:80,3
DA:81,2
LF:29
LH:27
end_of_record
SF:lib/shared/widgets/phone_number_picker/phone_number_picker.dart
DA:22,2
DA:32,2
DA:34,2
DA:36,2
DA:37,2
DA:38,2
DA:52,2
DA:57,2
DA:59,6
DA:61,8
DA:62,2
DA:65,2
DA:68,10
DA:70,8
DA:71,4
DA:73,2
DA:74,2
DA:75,2
DA:77,2
DA:78,2
DA:80,2
DA:81,2
DA:82,6
DA:84,2
DA:85,2
DA:86,2
DA:87,2
DA:88,2
DA:89,2
DA:90,4
DA:91,4
DA:92,2
DA:93,2
DA:94,4
DA:95,4
DA:96,4
DA:104,2
DA:109,2
DA:110,2
DA:111,2
DA:113,2
DA:114,2
DA:115,2
DA:118,2
DA:120,2
DA:121,8
DA:123,2
DA:128,2
DA:133,0
DA:134,0
DA:136,0
DA:139,2
DA:141,2
DA:143,4
DA:147,1
DA:148,2
DA:149,2
DA:152,4
DA:153,2
DA:154,3
DA:155,2
DA:156,1
DA:157,1
DA:159,5
LF:64
LH:61
end_of_record
SF:lib/shared/widgets/search_bar.dart
DA:18,2
DA:23,2
DA:25,2
DA:27,10
DA:29,6
DA:31,2
DA:33,2
DA:34,2
DA:36,2
DA:37,2
DA:38,2
DA:40,2
DA:41,2
DA:42,2
DA:43,2
DA:45,4
DA:47,2
DA:48,2
DA:49,2
DA:50,2
DA:52,2
DA:53,2
DA:57,1
DA:58,1
DA:60,2
DA:63,2
DA:66,4
DA:67,2
LF:28
LH:28
end_of_record
SF:lib/styles/theme/form/date_time_theme_model.dart
DA:8,39
DA:12,1
DA:13,1
DA:14,3
LF:4
LH:4
end_of_record
SF:lib/styles/theme/form/form_check_radio_theme_model.dart
DA:11,39
DA:19,1
DA:20,1
DA:22,1
DA:23,2
DA:24,2
DA:25,2
DA:26,2
DA:27,2
LF:9
LH:9
end_of_record
SF:lib/styles/theme/form/form_progress_theme_model.dart
DA:10,39
DA:15,1
DA:16,1
DA:17,1
DA:18,2
DA:19,2
LF:6
LH:6
end_of_record
SF:lib/styles/theme/form/form_select_theme_model.dart
DA:13,39
DA:22,1
DA:23,1
DA:25,1
DA:26,2
DA:27,2
DA:28,2
DA:29,2
DA:30,2
DA:31,2
LF:10
LH:10
end_of_record
SF:lib/styles/theme/form/form_text_intput_theme_model.dart
DA:14,39
DA:24,1
DA:25,1
DA:27,1
DA:28,2
DA:29,2
DA:30,2
DA:31,2
DA:32,2
DA:33,2
DA:34,2
LF:11
LH:11
end_of_record
SF:lib/styles/theme/form/form_theme_model.dart
DA:14,39
DA:22,1
DA:23,1
DA:24,2
DA:25,2
DA:26,2
DA:27,2
DA:28,2
LF:8
LH:8
end_of_record
SF:lib/styles/theme/image_carousel_model.dart
DA:9,39
DA:16,1
DA:17,1
DA:18,2
DA:19,2
DA:20,2
DA:21,2
DA:32,39
DA:39,1
DA:43,1
DA:44,1
DA:47,1
DA:48,2
DA:49,1
DA:50,1
DA:52,2
DA:53,1
DA:54,1
DA:56,2
DA:57,1
DA:58,1
DA:60,2
DA:61,1
DA:62,1
DA:73,39
DA:79,1
DA:83,1
DA:85,2
DA:86,2
DA:87,1
LF:30
LH:30
end_of_record
SF:lib/styles/theme/theme_border_radius_model.dart
DA:7,39
DA:14,1
DA:15,1
DA:16,2
DA:17,2
DA:18,2
DA:19,2
LF:7
LH:7
end_of_record
SF:lib/styles/theme/theme_bottom_sheet.dart
DA:4,39
DA:8,1
DA:9,1
DA:10,2
LF:4
LH:4
end_of_record
SF:lib/styles/theme/theme_card_layout_model.dart
DA:12,39
DA:19,1
DA:20,1
DA:21,2
DA:22,2
DA:23,3
DA:24,2
LF:7
LH:7
end_of_record
SF:lib/styles/theme/theme_digest_view_layout_model.dart
DA:9,39
DA:14,1
DA:15,1
DA:16,2
DA:17,2
DA:27,39
DA:33,1
DA:34,1
DA:36,1
DA:37,2
DA:38,2
DA:39,2
LF:12
LH:12
end_of_record
SF:lib/styles/theme/theme_input_date_model.dart
DA:8,39
DA:13,1
DA:14,1
DA:16,1
DA:17,2
DA:18,2
LF:6
LH:6
end_of_record
SF:lib/styles/theme/theme_input_model.dart
DA:17,39
DA:29,1
DA:30,1
DA:32,1
DA:33,2
DA:34,2
DA:35,2
DA:36,2
DA:37,2
DA:38,2
DA:39,2
DA:40,2
DA:41,2
LF:13
LH:13
end_of_record
SF:lib/styles/theme/theme_landing_model.dart
DA:9,39
DA:15,1
DA:16,1
DA:17,1
DA:18,1
DA:19,1
DA:29,39
DA:35,1
DA:36,1
DA:38,1
DA:39,2
DA:40,2
DA:41,2
DA:53,39
DA:61,1
DA:62,1
DA:63,1
DA:65,3
DA:66,2
DA:69,3
DA:70,3
DA:73,1
DA:76,1
DA:77,2
DA:79,2
LF:25
LH:25
end_of_record
SF:lib/styles/theme/theme_loading_spinner.dart
DA:9,39
DA:14,1
DA:15,1
DA:17,1
DA:18,2
DA:19,2
LF:6
LH:6
end_of_record
SF:lib/styles/theme/theme_login_model.dart
DA:14,39
DA:25,1
DA:26,1
DA:28,1
DA:29,2
DA:30,2
DA:31,2
DA:32,2
DA:33,2
DA:34,2
DA:35,2
DA:36,1
DA:44,39
DA:48,1
DA:49,1
DA:50,2
LF:16
LH:16
end_of_record
SF:lib/styles/theme/theme_margin_padding_model.dart
DA:7,39
DA:14,1
DA:15,1
DA:16,2
DA:17,2
DA:18,2
DA:19,2
LF:7
LH:7
end_of_record
SF:lib/styles/theme/theme_navigation_model.dart
DA:10,39
DA:15,1
DA:16,1
DA:17,2
DA:18,2
DA:29,39
DA:36,1
DA:37,1
DA:38,2
DA:39,3
DA:40,2
DA:41,2
LF:12
LH:12
end_of_record
SF:lib/styles/theme/theme_pinboard_model.dart
DA:8,39
DA:12,1
DA:13,1
DA:14,2
DA:23,39
DA:28,1
DA:29,1
DA:31,1
DA:32,2
DA:33,2
DA:41,39
DA:45,1
DA:46,1
DA:48,2
DA:57,39
DA:62,1
DA:63,1
DA:64,2
DA:65,2
LF:19
LH:19
end_of_record
SF:lib/styles/theme/theme_system_colors.dart
DA:9,39
DA:15,1
DA:16,1
DA:18,1
DA:19,2
DA:20,2
DA:21,2
LF:7
LH:7
end_of_record
SF:lib/styles/theme/theme_videos_model.dart
DA:10,39
DA:16,1
DA:17,1
DA:18,2
DA:19,2
DA:20,2
DA:29,39
DA:34,1
DA:35,1
DA:36,3
DA:37,1
DA:47,39
DA:53,1
DA:54,1
DA:56,1
DA:57,2
DA:58,2
DA:59,2
LF:18
LH:18
end_of_record
SF:lib/templates/auth_flow_template.dart
DA:23,2
DA:31,2
DA:33,8
DA:36,2
DA:37,4
DA:38,2
DA:41,2
DA:42,2
DA:43,2
DA:44,2
DA:45,2
DA:46,2
DA:47,8
DA:49,2
DA:50,2
DA:54,2
DA:55,2
DA:56,2
DA:57,2
DA:58,2
DA:60,2
DA:70,2
DA:71,2
DA:72,4
DA:73,2
DA:74,2
DA:79,2
DA:83,2
DA:84,4
DA:85,2
DA:88,2
DA:93,2
DA:97,2
DA:98,2
DA:99,2
DA:101,2
DA:102,2
DA:105,2
DA:106,6
DA:107,2
DA:109,0
DA:110,2
DA:111,4
DA:125,0
DA:126,0
LF:45
LH:42
end_of_record
SF:lib/views_auth/components/help_button.dart
DA:19,0
DA:23,2
DA:25,2
DA:27,10
DA:29,2
DA:30,2
DA:31,2
DA:33,2
DA:34,2
DA:35,2
DA:37,2
DA:38,2
DA:40,2
DA:41,4
DA:43,4
DA:44,2
DA:45,2
DA:46,2
DA:55,0
DA:56,0
DA:58,0
DA:59,0
LF:22
LH:17
end_of_record
SF:lib/templates/auth_template.dart
DA:12,5
DA:17,5
DA:19,5
DA:21,5
DA:23,5
DA:24,5
DA:26,5
DA:28,5
DA:29,5
DA:30,5
DA:33,5
LF:11
LH:11
end_of_record
SF:lib/templates/sticky_header_template.dart
DA:8,1
DA:13,1
DA:15,1
DA:17,1
DA:18,1
DA:19,1
DA:22,3
DA:24,1
DA:25,1
DA:36,1
DA:41,1
DA:44,1
DA:46,1
DA:50,1
DA:51,1
DA:53,1
DA:54,1
DA:56,0
LF:18
LH:17
end_of_record
SF:lib/views/digest/data/repositories/digest_repository_impl.dart
DA:15,1
DA:21,1
DA:22,3
DA:27,3
DA:28,1
DA:29,1
DA:31,1
DA:39,1
DA:43,3
DA:48,3
DA:49,1
DA:50,1
DA:52,1
LF:13
LH:13
end_of_record
SF:lib/views/digest/data/sources/digest_remote_source.dart
DA:25,1
DA:34,1
DA:35,3
DA:37,3
DA:39,3
DA:43,1
DA:44,3
DA:46,3
DA:48,3
LF:9
LH:9
end_of_record
SF:lib/views/digest/domain/entities/digest_entity.dart
DA:19,2
DA:20,2
LF:2
LH:2
end_of_record
SF:lib/views/digest/domain/entities/digest_reaction_entity.dart
DA:18,2
DA:19,2
LF:2
LH:2
end_of_record
SF:lib/views/digest/domain/usecases/get_digest.dart
DA:10,1
DA:13,1
DA:14,3
LF:3
LH:3
end_of_record
SF:lib/views/digest/domain/usecases/react_digest.dart
DA:10,1
DA:13,1
DA:14,5
DA:22,2
LF:4
LH:4
end_of_record
SF:lib/views/digest/presentation/bloc/digest_bloc.dart
DA:21,1
DA:24,2
DA:27,1
DA:30,2
DA:31,1
DA:32,2
DA:36,1
DA:37,2
DA:38,1
DA:41,1
DA:43,2
DA:45,2
DA:46,1
DA:49,2
DA:55,2
DA:60,1
DA:63,4
DA:65,2
DA:66,1
DA:67,2
DA:69,1
DA:70,2
DA:71,1
DA:73,2
DA:82,1
DA:85,3
DA:86,3
DA:89,2
DA:90,1
DA:91,2
DA:96,1
DA:97,2
DA:98,2
DA:101,5
DA:102,1
DA:103,2
DA:104,1
DA:105,1
DA:108,1
DA:109,1
DA:111,2
DA:116,2
DA:124,1
DA:126,2
DA:129,5
DA:130,1
DA:132,2
DA:134,1
DA:135,1
DA:136,1
DA:139,1
DA:140,2
DA:144,2
DA:145,1
DA:148,4
DA:152,5
DA:153,1
DA:155,2
DA:163,1
DA:165,1
DA:168,1
DA:171,1
DA:173,1
DA:175,1
DA:177,1
DA:180,1
DA:184,1
DA:185,1
DA:188,1
DA:190,1
DA:192,2
DA:197,1
DA:198,1
DA:203,1
DA:207,2
DA:208,4
DA:212,1
DA:216,1
LF:78
LH:78
end_of_record
SF:lib/views/digest/domain/entities/digest_allowed_reactions_entity.dart
DA:16,2
DA:17,2
LF:2
LH:2
end_of_record
SF:lib/views/digest/domain/entities/digest_child_entity.dart
DA:24,2
DA:25,2
LF:2
LH:2
end_of_record
SF:lib/views/digest/domain/entities/digest_my_reaction_entity.dart
DA:15,3
DA:16,3
LF:2
LH:2
end_of_record
SF:lib/views/digest/domain/entities/digest_opts_entity.dart
DA:19,4
LF:1
LH:1
end_of_record
SF:lib/views/digest/domain/entities/digest_reaction_stat_entity.dart
DA:15,3
DA:16,3
LF:2
LH:2
end_of_record
SF:lib/views/digest/domain/entities/digest_opts_image_entity.dart
DA:15,2
DA:16,2
LF:2
LH:2
end_of_record
SF:lib/views/digest/presentation/bloc/digest_bloc_state.dart
DA:23,1
LF:1
LH:1
end_of_record
SF:lib/views/digest/presentation/widgets/digest_empty.dart
DA:11,1
DA:13,1
DA:15,2
DA:17,1
DA:18,1
DA:19,2
LF:6
LH:6
end_of_record
SF:lib/views/digest/presentation/widgets/digest_loaded.dart
DA:15,1
DA:19,1
DA:21,1
DA:23,1
DA:25,2
DA:26,1
DA:27,1
DA:28,1
DA:30,1
DA:37,1
DA:41,1
DA:43,1
DA:44,2
DA:45,1
DA:46,1
DA:48,1
DA:49,3
DA:51,1
LF:18
LH:18
end_of_record
SF:lib/views/digest/presentation/widgets/digest_card/digest_card.dart
DA:21,1
DA:25,1
DA:27,1
DA:29,2
DA:31,1
DA:32,3
DA:33,1
DA:34,1
DA:35,1
DA:36,1
DA:37,1
DA:39,1
DA:40,2
DA:41,1
DA:42,1
DA:43,1
DA:45,1
DA:47,1
DA:48,1
DA:49,1
DA:50,1
DA:51,1
DA:52,1
DA:54,2
DA:55,1
DA:56,1
DA:67,1
DA:71,3
DA:72,1
DA:73,1
DA:74,1
LF:31
LH:31
end_of_record
SF:lib/views/digest/presentation/widgets/digest_card/digest_card_layout.dart
DA:9,462
DA:15,1
DA:19,1
DA:21,1
DA:23,2
DA:24,4
DA:25,2
DA:27,1
DA:29,1
DA:30,2
DA:32,1
DA:33,1
DA:34,1
DA:35,2
DA:36,1
DA:37,3
DA:39,1
DA:42,1
DA:43,1
DA:44,3
DA:45,3
DA:47,1
DA:48,1
DA:49,1
DA:51,1
DA:52,1
DA:53,1
DA:61,1
DA:62,1
DA:63,2
DA:64,2
DA:65,2
DA:66,2
LF:33
LH:33
end_of_record
SF:lib/views/digest/presentation/widgets/digest_reactions.dart
DA:19,1
DA:24,1
DA:26,1
DA:27,2
DA:28,2
DA:30,1
DA:32,1
DA:33,1
DA:34,1
DA:35,1
DA:36,3
DA:41,2
DA:43,1
DA:50,1
DA:57,1
DA:59,1
DA:60,3
DA:61,0
DA:64,4
DA:67,1
DA:68,2
DA:69,1
DA:70,2
DA:72,2
DA:75,1
DA:78,1
DA:82,1
DA:83,1
DA:84,1
DA:85,1
DA:88,1
DA:90,2
DA:91,1
DA:92,2
DA:95,2
DA:102,1
DA:108,1
DA:110,2
DA:111,1
LF:39
LH:38
end_of_record
SF:lib/views/digest/presentation/widgets/digest_card/digest_card_content.dart
DA:14,1
DA:17,1
DA:19,1
DA:21,4
DA:23,1
DA:24,1
DA:25,1
DA:27,1
DA:29,1
DA:30,1
DA:31,1
DA:35,1
DA:36,1
DA:37,1
DA:38,2
DA:39,2
DA:41,3
DA:42,1
DA:43,1
DA:44,2
DA:45,1
DA:46,1
DA:47,3
LF:23
LH:23
end_of_record
SF:lib/views/digest/presentation/widgets/digest_card/digest_card_header.dart
DA:11,1
DA:14,1
DA:16,1
DA:18,3
DA:20,1
DA:21,1
DA:22,1
DA:24,1
DA:26,1
DA:28,1
DA:29,2
DA:33,1
DA:34,3
LF:13
LH:13
end_of_record
SF:lib/views/document/documents_view_model.dart
DA:9,0
DA:14,0
DA:19,0
DA:20,0
DA:21,0
DA:25,0
LF:6
LH:0
end_of_record
SF:lib/views/nav/components/document_row.dart
DA:21,0
DA:27,0
DA:29,0
DA:32,0
DA:34,0
DA:36,0
DA:37,0
DA:38,0
DA:39,0
DA:40,0
DA:41,0
DA:42,0
DA:43,0
DA:44,0
DA:46,0
DA:49,0
DA:50,0
DA:51,0
DA:54,0
DA:55,0
DA:56,0
DA:57,0
DA:62,0
DA:64,0
DA:65,0
DA:70,0
DA:71,0
DA:72,0
DA:76,0
DA:77,0
DA:78,0
DA:88,0
DA:92,0
DA:94,0
DA:97,0
DA:101,0
DA:106,0
DA:107,0
DA:108,0
DA:112,0
DA:117,0
DA:119,0
DA:121,0
DA:122,0
DA:123,0
DA:127,0
DA:128,0
DA:133,0
DA:139,0
DA:140,0
DA:142,0
DA:143,0
DA:144,0
DA:145,0
LF:54
LH:0
end_of_record
SF:lib/views/form/components/intro_view.dart
DA:19,0
DA:23,0
DA:24,0
DA:26,0
DA:28,0
DA:30,0
DA:32,0
DA:33,0
DA:36,0
DA:37,0
DA:38,0
DA:39,0
DA:40,0
DA:42,0
DA:43,0
DA:46,0
DA:47,0
DA:48,0
DA:50,0
DA:51,0
DA:52,0
DA:54,0
DA:60,0
DA:63,0
DA:64,0
DA:65,0
DA:66,0
DA:67,0
DA:69,0
DA:75,0
DA:76,0
DA:77,0
DA:78,0
DA:79,0
DA:80,0
DA:87,0
DA:88,0
DA:93,0
DA:94,0
DA:96,0
DA:97,0
DA:99,0
LF:42
LH:0
end_of_record
SF:lib/views/form/components/previous_results.dart
DA:13,0
DA:16,0
DA:18,0
DA:20,0
DA:22,0
DA:23,0
DA:24,0
DA:25,0
DA:26,0
DA:28,0
DA:29,0
DA:30,0
DA:33,0
DA:34,0
DA:35,0
DA:40,0
DA:42,0
DA:44,0
DA:46,0
DA:47,0
DA:48,0
DA:49,0
DA:51,0
DA:52,0
DA:56,0
LF:25
LH:0
end_of_record
SF:lib/views/form/components/question_epilogue.dart
DA:22,0
DA:26,0
DA:28,0
DA:30,0
DA:32,0
DA:34,0
DA:35,0
DA:37,0
DA:38,0
DA:39,0
DA:40,0
DA:41,0
DA:43,0
DA:44,0
DA:47,0
DA:48,0
DA:49,0
DA:51,0
DA:52,0
DA:54,0
DA:55,0
DA:56,0
DA:63,0
DA:64,0
DA:65,0
DA:66,0
DA:67,0
DA:69,0
DA:70,0
DA:76,0
DA:77,0
DA:79,0
DA:80,0
DA:82,0
LF:34
LH:0
end_of_record
SF:lib/views/form/single_question/current_results.dart
DA:14,0
DA:17,0
DA:19,0
DA:20,0
DA:21,0
DA:22,0
DA:23,0
DA:31,0
DA:35,0
DA:37,0
DA:38,0
DA:39,0
DA:40,0
DA:41,0
DA:42,0
DA:44,0
DA:45,0
DA:47,0
DA:51,0
DA:53,0
DA:54,0
DA:55,0
DA:59,0
DA:64,0
DA:69,0
DA:70,0
DA:71,0
DA:72,0
DA:73,0
DA:74,0
DA:77,0
DA:79,0
DA:80,0
DA:82,0
DA:83,0
DA:85,0
DA:86,0
DA:91,0
DA:93,0
DA:94,0
DA:95,0
DA:102,0
DA:103,0
LF:43
LH:0
end_of_record
SF:lib/views/form/components/question_text.dart
DA:10,0
DA:13,0
DA:15,0
DA:17,0
DA:18,0
DA:19,0
DA:21,0
DA:22,0
LF:8
LH:0
end_of_record
SF:lib/views/form/form_page_view.dart
DA:35,0
DA:42,0
DA:44,0
DA:55,0
DA:56,0
DA:60,0
DA:62,0
DA:63,0
DA:67,0
DA:68,0
DA:69,0
DA:72,0
DA:75,0
DA:77,0
DA:78,0
DA:79,0
DA:80,0
DA:85,0
DA:89,0
DA:90,0
DA:92,0
DA:93,0
DA:94,0
DA:95,0
DA:97,0
DA:98,0
DA:99,0
DA:100,0
DA:106,0
DA:108,0
DA:109,0
DA:110,0
DA:112,0
DA:118,0
DA:119,0
DA:120,0
DA:128,0
DA:132,0
DA:133,0
DA:134,0
DA:135,0
DA:138,0
DA:139,0
DA:140,0
DA:146,0
DA:149,0
DA:150,0
DA:151,0
DA:153,0
DA:154,0
DA:155,0
DA:156,0
DA:157,0
DA:158,0
DA:159,0
DA:161,0
DA:162,0
DA:169,0
DA:172,0
DA:173,0
DA:175,0
DA:176,0
DA:177,0
DA:178,0
DA:182,0
DA:183,0
DA:185,0
DA:186,0
DA:189,0
DA:191,0
DA:194,0
DA:195,0
DA:197,0
DA:198,0
DA:201,0
DA:203,0
DA:206,0
DA:207,0
DA:208,0
DA:211,0
DA:214,0
DA:215,0
DA:218,0
DA:219,0
DA:221,0
DA:222,0
DA:226,0
DA:227,0
DA:231,0
DA:232,0
DA:236,0
DA:237,0
LF:92
LH:0
end_of_record
SF:lib/views/form/form_question_view.dart
DA:28,0
DA:35,0
DA:37,0
DA:49,0
DA:52,0
DA:53,0
DA:54,0
DA:57,0
DA:58,0
DA:59,0
DA:60,0
DA:64,0
DA:67,0
DA:69,0
DA:70,0
DA:71,0
DA:72,0
DA:73,0
DA:75,0
DA:77,0
DA:78,0
DA:79,0
DA:81,0
DA:82,0
DA:84,0
DA:85,0
DA:86,0
DA:87,0
DA:89,0
DA:90,0
DA:91,0
DA:92,0
DA:95,0
DA:96,0
DA:98,0
DA:99,0
DA:100,0
DA:102,0
DA:107,0
DA:115,0
DA:119,0
DA:121,0
DA:122,0
DA:124,0
DA:127,0
DA:128,0
DA:129,0
DA:130,0
DA:132,0
DA:133,0
DA:135,0
DA:136,0
DA:137,0
DA:138,0
DA:139,0
DA:141,0
DA:143,0
DA:146,0
DA:151,0
DA:152,0
DA:153,0
DA:154,0
DA:155,0
DA:156,0
DA:157,0
DA:158,0
DA:159,0
DA:162,0
DA:163,0
DA:164,0
DA:166,0
DA:167,0
DA:176,0
DA:177,0
DA:178,0
DA:182,0
DA:184,0
DA:185,0
DA:187,0
DA:188,0
DA:191,0
DA:192,0
DA:195,0
LF:83
LH:0
end_of_record
SF:lib/views/form/single_question/single_question_utils.dart
DA:3,0
DA:4,0
DA:5,0
DA:7,0
DA:10,0
LF:5
LH:0
end_of_record
SF:lib/views/form/single_question/single_question.dart
DA:39,0
DA:51,0
DA:53,0
DA:55,0
DA:65,0
DA:68,0
DA:71,0
DA:73,0
DA:74,0
DA:76,0
DA:77,0
DA:78,0
DA:79,0
DA:80,0
DA:82,0
DA:83,0
DA:86,0
DA:87,0
DA:88,0
DA:90,0
DA:91,0
DA:92,0
DA:93,0
DA:95,0
DA:97,0
DA:98,0
DA:99,0
DA:100,0
DA:101,0
DA:104,0
DA:112,0
DA:113,0
DA:114,0
DA:115,0
DA:116,0
DA:117,0
DA:118,0
DA:122,0
DA:127,0
DA:128,0
DA:129,0
DA:130,0
DA:131,0
DA:132,0
DA:135,0
DA:136,0
DA:138,0
DA:139,0
DA:140,0
DA:142,0
DA:144,0
DA:145,0
DA:146,0
DA:150,0
DA:151,0
DA:152,0
DA:153,0
DA:154,0
DA:158,0
DA:162,0
DA:163,0
DA:164,0
DA:166,0
DA:167,0
DA:168,0
DA:172,0
DA:183,0
DA:187,0
DA:188,0
DA:189,0
DA:191,0
DA:193,0
DA:194,0
DA:195,0
DA:197,0
DA:199,0
DA:200,0
DA:201,0
DA:202,0
DA:204,0
DA:205,0
DA:206,0
DA:210,0
DA:211,0
DA:213,0
DA:214,0
DA:215,0
DA:220,0
DA:221,0
DA:223,0
DA:224,0
DA:225,0
DA:230,0
DA:231,0
DA:233,0
DA:234,0
DA:235,0
DA:245,0
DA:249,0
DA:250,0
DA:251,0
DA:254,0
DA:255,0
DA:257,0
DA:258,0
DA:261,0
DA:263,0
DA:265,0
DA:268,0
DA:269,0
DA:270,0
DA:274,0
DA:280,0
DA:283,0
DA:284,0
DA:286,0
DA:287,0
DA:290,0
DA:293,0
DA:294,0
DA:298,0
DA:300,0
DA:301,0
DA:302,0
DA:305,0
DA:306,0
DA:309,0
LF:127
LH:0
end_of_record
SF:lib/views/form/inputs/form_check_input.dart
DA:18,0
DA:23,0
DA:25,0
DA:27,0
DA:32,0
DA:34,0
DA:35,0
DA:36,0
DA:37,0
DA:38,0
DA:40,0
DA:41,0
DA:47,0
DA:51,0
DA:52,0
DA:53,0
DA:54,0
DA:56,0
DA:57,0
DA:60,0
DA:63,0
DA:64,0
DA:65,0
DA:68,0
DA:70,0
DA:73,0
DA:76,0
LF:27
LH:0
end_of_record
SF:lib/views/form/inputs/radio_check_builder.dart
DA:27,0
DA:35,0
DA:37,0
DA:38,0
DA:42,0
DA:44,0
DA:45,0
DA:46,0
DA:47,0
DA:48,0
DA:49,0
DA:51,0
DA:52,0
DA:53,0
DA:54,0
DA:55,0
DA:56,0
DA:57,0
DA:59,0
DA:60,0
DA:70,0
DA:76,0
DA:79,0
DA:80,0
DA:81,0
DA:83,0
DA:84,0
DA:87,0
DA:90,0
DA:93,0
DA:94,0
DA:97,0
DA:98,0
DA:99,0
DA:100,0
DA:101,0
DA:103,0
DA:105,0
DA:107,0
DA:108,0
DA:109,0
DA:111,0
DA:114,0
DA:123,0
DA:127,0
DA:129,0
DA:130,0
DA:131,0
DA:133,0
DA:134,0
DA:135,0
DA:136,0
DA:141,0
DA:145,0
DA:147,0
DA:148,0
DA:149,0
DA:151,0
DA:152,0
DA:153,0
DA:154,0
DA:159,0
DA:165,0
DA:166,0
DA:167,0
DA:169,0
DA:170,0
DA:171,0
DA:173,0
DA:174,0
DA:175,0
DA:176,0
LF:72
LH:0
end_of_record
SF:lib/views/form/inputs/form_date_picker.dart
DA:23,0
DA:29,0
DA:30,0
DA:41,0
DA:42,0
DA:43,0
DA:44,0
DA:45,0
DA:50,0
DA:51,0
DA:52,0
DA:54,0
DA:55,0
DA:56,0
DA:60,0
DA:62,0
DA:64,0
DA:65,0
DA:66,0
DA:67,0
DA:69,0
DA:70,0
DA:71,0
DA:72,0
DA:73,0
DA:83,0
DA:87,0
DA:89,0
DA:91,0
DA:92,0
DA:93,0
DA:95,0
DA:96,0
DA:97,0
DA:103,0
DA:104,0
DA:105,0
DA:106,0
DA:109,0
DA:110,0
DA:111,0
DA:112,0
DA:116,0
DA:118,0
DA:122,0
DA:125,0
DA:126,0
LF:47
LH:0
end_of_record
SF:lib/views/form/inputs/form_placeholder.dart
DA:17,0
DA:23,0
DA:25,0
DA:27,0
DA:28,0
DA:29,0
DA:30,0
DA:31,0
DA:33,0
DA:34,0
DA:35,0
DA:36,0
DA:37,0
DA:39,0
DA:40,0
DA:42,0
DA:43,0
DA:44,0
DA:45,0
DA:46,0
DA:47,0
DA:49,0
DA:50,0
DA:52,0
DA:54,0
DA:55,0
DA:56,0
DA:57,0
DA:58,0
DA:59,0
LF:30
LH:0
end_of_record
SF:lib/views/form/inputs/form_date_time_input.dart
DA:25,0
DA:32,0
DA:34,0
DA:46,0
DA:47,0
DA:48,0
DA:49,0
DA:50,0
DA:54,0
DA:57,0
DA:58,0
DA:59,0
DA:61,0
DA:62,0
DA:63,0
DA:67,0
DA:69,0
DA:71,0
DA:72,0
DA:73,0
DA:74,0
DA:76,0
DA:77,0
DA:78,0
DA:79,0
DA:80,0
DA:90,0
DA:95,0
DA:97,0
DA:99,0
DA:100,0
DA:101,0
DA:103,0
DA:104,0
DA:105,0
DA:111,0
DA:113,0
DA:114,0
DA:115,0
DA:116,0
DA:117,0
DA:125,0
DA:126,0
DA:127,0
DA:128,0
DA:129,0
DA:130,0
DA:133,0
DA:134,0
DA:135,0
DA:136,0
DA:137,0
DA:141,0
DA:143,0
DA:147,0
DA:150,0
DA:151,0
LF:57
LH:0
end_of_record
SF:lib/views/form/inputs/form_generic_lookup.dart
DA:23,0
DA:28,0
DA:30,0
DA:31,0
DA:35,0
DA:37,0
DA:38,0
DA:39,0
DA:40,0
DA:41,0
DA:43,0
DA:48,0
DA:52,0
DA:53,0
DA:54,0
DA:56,0
DA:57,0
DA:59,0
DA:60,0
DA:61,0
DA:62,0
DA:65,0
DA:69,0
DA:70,0
DA:72,0
DA:73,0
DA:74,0
DA:78,0
DA:83,0
DA:84,0
DA:86,0
DA:87,0
DA:88,0
DA:89,0
DA:90,0
DA:91,0
LF:36
LH:0
end_of_record
SF:lib/views/form/inputs/form_generic_lookup_search.dart
DA:25,0
DA:31,0
DA:32,0
DA:33,0
DA:43,0
DA:45,0
DA:47,0
DA:49,0
DA:50,0
DA:51,0
DA:52,0
DA:53,0
DA:55,0
DA:56,0
DA:57,0
DA:61,0
DA:62,0
DA:63,0
DA:64,0
DA:65,0
DA:66,0
DA:67,0
DA:68,0
DA:69,0
DA:70,0
DA:71,0
DA:75,0
DA:76,0
DA:79,0
DA:80,0
DA:81,0
DA:89,0
DA:90,0
DA:91,0
DA:92,0
DA:93,0
DA:96,0
DA:97,0
DA:98,0
DA:99,0
DA:107,0
DA:108,0
DA:109,0
DA:111,0
DA:112,0
DA:117,0
DA:118,0
DA:119,0
DA:120,0
DA:124,0
DA:125,0
DA:129,0
DA:130,0
DA:133,0
DA:134,0
LF:55
LH:0
end_of_record
SF:lib/views/form/inputs/form_radio_input.dart
DA:21,0
DA:29,0
DA:31,0
DA:33,0
DA:38,0
DA:40,0
DA:41,0
DA:42,0
DA:43,0
DA:44,0
DA:46,0
DA:47,0
DA:53,0
DA:57,0
DA:58,0
DA:59,0
DA:62,0
DA:67,0
DA:68,0
DA:70,0
DA:71,0
DA:74,0
DA:76,0
DA:78,0
DA:80,0
DA:82,0
DA:87,0
DA:88,0
DA:89,0
DA:91,0
LF:30
LH:0
end_of_record
SF:lib/views/form/inputs/form_select_input.dart
DA:28,0
DA:33,0
DA:35,0
DA:37,0
DA:42,0
DA:44,0
DA:46,0
DA:47,0
DA:48,0
DA:49,0
DA:51,0
DA:52,0
DA:53,0
DA:54,0
DA:55,0
DA:56,0
DA:65,0
DA:69,0
DA:70,0
DA:72,0
DA:74,0
DA:76,0
DA:78,0
DA:79,0
DA:80,0
DA:81,0
DA:82,154
DA:84,0
DA:85,0
DA:86,0
DA:87,0
DA:89,0
DA:93,0
DA:95,0
DA:103,0
DA:104,0
DA:108,0
DA:114,0
DA:115,0
DA:116,0
DA:118,0
DA:119,0
DA:121,0
DA:122,0
DA:123,0
DA:124,0
DA:126,0
DA:127,0
DA:128,0
DA:129,0
DA:131,0
DA:132,0
DA:134,0
DA:139,0
DA:141,0
DA:142,0
DA:143,0
DA:150,0
DA:151,0
DA:152,0
DA:154,0
DA:156,0
LF:62
LH:1
end_of_record
SF:lib/views/form/inputs/form_text_input.dart
DA:22,0
DA:33,0
DA:34,0
DA:36,0
DA:38,0
DA:39,0
DA:40,0
DA:41,0
DA:42,0
DA:44,0
DA:47,0
DA:49,0
DA:50,0
DA:52,0
DA:53,0
DA:54,0
DA:55,0
DA:56,0
DA:59,0
DA:60,0
DA:61,0
DA:62,0
DA:64,0
DA:65,0
DA:67,0
DA:68,0
DA:69,0
DA:70,0
DA:72,0
DA:73,0
DA:74,0
DA:75,0
DA:78,0
DA:79,0
DA:80,0
DA:81,0
DA:82,0
LF:37
LH:0
end_of_record
SF:lib/views/form/inputs/form_member_lookup_option.dart
DA:28,0
DA:33,0
DA:35,0
DA:36,0
DA:45,0
DA:47,0
DA:48,0
DA:49,0
DA:50,0
DA:51,0
DA:53,0
DA:55,0
DA:56,0
DA:59,0
DA:60,0
DA:61,0
DA:63,0
DA:65,0
DA:67,0
DA:69,0
DA:72,0
DA:78,0
DA:79,0
DA:80,0
DA:81,0
DA:82,0
DA:83,0
DA:85,0
DA:86,0
DA:89,0
DA:94,0
DA:95,0
DA:97,0
DA:98,0
DA:99,0
DA:100,0
DA:103,0
DA:105,0
DA:106,0
DA:108,0
DA:110,0
DA:111,0
DA:112,0
DA:125,0
DA:129,0
DA:130,0
DA:131,0
DA:133,0
DA:134,0
DA:135,0
DA:141,0
DA:146,0
DA:153,0
DA:154,0
DA:155,0
DA:157,0
DA:158,0
DA:161,0
DA:163,0
DA:164,0
DA:165,0
DA:166,0
DA:168,0
DA:169,0
DA:173,0
DA:174,0
DA:175,0
DA:186,0
DA:187,0
DA:189,0
DA:190,0
DA:191,0
DA:192,0
DA:193,0
DA:201,0
DA:202,0
DA:205,0
DA:206,0
DA:207,0
DA:211,0
DA:212,0
DA:213,0
DA:214,0
DA:215,0
DA:219,0
DA:220,0
DA:222,0
DA:223,0
DA:225,0
DA:228,0
DA:229,0
LF:91
LH:0
end_of_record
SF:lib/views/form/inputs/form_member_search.dart
DA:23,0
DA:28,0
DA:29,0
DA:30,0
DA:31,0
DA:43,0
DA:47,0
DA:48,0
DA:49,0
DA:52,0
DA:54,0
DA:56,0
DA:58,0
DA:59,0
DA:60,0
DA:61,0
DA:62,0
DA:64,0
DA:65,0
DA:66,0
DA:70,0
DA:71,0
DA:73,0
DA:74,0
DA:75,0
DA:76,0
DA:77,0
DA:78,0
DA:79,0
DA:80,0
DA:81,0
DA:82,0
DA:84,0
DA:85,0
DA:89,0
DA:90,0
DA:91,0
DA:99,0
DA:100,0
DA:101,0
DA:102,0
DA:103,0
DA:106,0
DA:107,0
DA:108,0
DA:109,0
DA:117,0
DA:118,0
DA:119,0
DA:121,0
DA:122,0
DA:127,0
DA:128,0
DA:130,0
DA:131,0
DA:135,0
DA:136,0
DA:138,0
DA:139,0
DA:140,0
DA:145,0
DA:149,0
DA:150,0
DA:152,0
DA:156,0
DA:158,0
DA:160,0
DA:163,0
DA:164,0
DA:168,0
DA:169,0
DA:170,0
LF:72
LH:0
end_of_record
SF:lib/views/form/inputs/form_other_input.dart
DA:20,0
DA:25,0
DA:27,0
DA:29,0
DA:35,0
DA:36,0
DA:39,0
DA:41,0
DA:42,0
DA:43,0
DA:44,0
DA:45,0
DA:47,0
DA:49,0
DA:50,0
DA:53,0
DA:54,0
DA:55,0
DA:57,0
DA:59,0
DA:61,0
DA:63,0
DA:66,0
DA:72,0
DA:73,0
DA:75,0
DA:76,0
DA:77,0
DA:78,0
DA:79,0
DA:82,0
DA:84,0
DA:86,0
DA:97,0
DA:98,0
LF:35
LH:0
end_of_record
SF:lib/views/image/data/repositories/image_repository_impl.dart
DA:14,1
DA:20,1
DA:22,3
DA:27,3
DA:28,1
DA:29,1
DA:35,1
DA:37,3
DA:43,3
DA:44,1
DA:45,1
LF:11
LH:11
end_of_record
SF:lib/views/image/data/sources/image_remote_sources.dart
DA:23,1
DA:31,1
DA:32,4
DA:34,3
DA:36,3
DA:40,1
DA:42,4
DA:43,1
DA:44,2
DA:45,1
DA:46,1
DA:48,3
DA:50,4
DA:52,1
LF:14
LH:14
end_of_record
SF:lib/views/image/domain/entities/images_entity.dart
DA:15,2
DA:16,2
LF:2
LH:2
end_of_record
SF:lib/views/image/domain/entities/member_entity.dart
DA:15,3
DA:16,3
LF:2
LH:2
end_of_record
SF:lib/views/image/domain/usecases/get_image_galary_usecase.dart
DA:11,1
DA:14,1
DA:16,4
DA:17,2
DA:26,1
LF:5
LH:5
end_of_record
SF:lib/views/image/domain/usecases/get_image_usercase.dart
DA:10,1
DA:12,1
DA:13,4
DA:20,2
LF:4
LH:4
end_of_record
SF:lib/views/image/presentation/bloc_images/images_bloc.dart
DA:10,0
DA:13,0
DA:14,0
DA:15,0
DA:16,0
DA:19,0
DA:22,0
DA:24,0
DA:25,0
DA:26,0
DA:27,0
DA:28,0
DA:30,0
LF:13
LH:0
end_of_record
SF:lib/views/image/presentation/bloc_images/images_state.dart
DA:23,0
LF:1
LH:0
end_of_record
SF:lib/views/image/presentation/bloc_image/image_bloc.dart
DA:10,2
DA:13,1
DA:14,1
DA:15,3
DA:18,1
DA:21,4
DA:23,3
DA:24,2
DA:25,1
DA:26,2
LF:10
LH:10
end_of_record
SF:lib/views/image/presentation/bloc_image/image_state.dart
DA:15,0
LF:1
LH:0
end_of_record
SF:lib/views/member_profile/data/repositories/member_profile_repository_impl.dart
DA:15,1
DA:21,1
DA:25,3
DA:30,3
DA:32,1
DA:33,1
DA:35,1
DA:37,1
LF:8
LH:8
end_of_record
SF:lib/views/member_profile/data/sources/member_profile_remote_source.dart
DA:16,1
DA:24,1
DA:28,3
DA:30,4
DA:34,1
LF:5
LH:5
end_of_record
SF:lib/views/member_profile/domain/usecases/member_profile_usecase.dart
DA:10,1
DA:12,1
DA:14,2
DA:15,1
DA:16,1
DA:25,2
LF:6
LH:6
end_of_record
SF:lib/views/member_profile/presentation/widgets/profile_contact_details.dart
DA:19,1
DA:22,1
DA:24,1
DA:26,1
DA:28,2
DA:29,1
DA:31,1
DA:32,1
DA:35,1
DA:36,2
DA:37,1
DA:40,2
DA:41,1
DA:43,2
DA:44,1
DA:47,2
DA:48,1
DA:50,2
DA:51,1
DA:54,2
DA:55,1
DA:57,1
DA:60,2
DA:61,1
DA:65,1
DA:66,1
DA:67,1
DA:69,2
DA:70,1
DA:72,1
DA:73,1
DA:74,1
DA:76,1
DA:89,1
DA:93,1
DA:94,1
DA:95,4
DA:97,1
DA:99,1
DA:100,1
DA:102,2
DA:103,1
DA:106,1
DA:107,2
DA:108,1
DA:109,4
DA:111,1
DA:112,3
DA:114,2
DA:115,1
LF:50
LH:50
end_of_record
[...]
DA:46,0
DA:48,0
DA:50,0
DA:51,0
DA:52,0
DA:53,0
DA:63,0
DA:71,0
DA:74,0
DA:77,0
LF:24
LH:0
end_of_record
SF:lib/views/social_feed/presentation/widgets/feed_view_widgets/new_post_btn.dart
DA:16,0
DA:18,0
DA:20,0
DA:21,0
DA:23,0
DA:26,0
DA:27,0
DA:28,0
DA:30,0
DA:31,0
DA:32,0
DA:34,0
DA:35,0
DA:37,0
DA:38,0
DA:40,0
DA:41,0
DA:52,0
DA:53,0
LF:19
LH:0
end_of_record
SF:lib/views/social_feed/presentation/widgets/feed_post_widgets/image_displays/four_image_display.dart
DA:14,0
DA:20,0
DA:23,0
DA:25,0
DA:26,0
DA:27,0
DA:29,0
DA:30,0
DA:31,0
DA:32,0
DA:33,0
DA:34,0
DA:36,0
DA:37,0
DA:39,0
DA:40,0
DA:42,0
DA:43,0
DA:45,0
DA:46,0
DA:48,0
DA:50,0
DA:51,0
DA:56,0
DA:58,0
DA:59,0
DA:61,0
DA:62,0
DA:64,0
DA:65,0
DA:67,0
DA:69,0
DA:70,0
DA:83,0
DA:84,0
DA:86,0
DA:87,0
DA:88,0
LF:38
LH:0
end_of_record
SF:lib/views/social_feed/presentation/widgets/feed_post_widgets/image_displays/tapable_image.dart
DA:9,0
DA:15,0
DA:17,0
DA:18,0
DA:19,0
DA:20,0
DA:21,0
LF:7
LH:0
end_of_record
SF:lib/views/social_feed/presentation/widgets/feed_post_widgets/image_displays/overflow_image_display.dart
DA:16,0
DA:22,0
DA:25,0
DA:26,0
DA:28,0
DA:29,0
DA:30,0
DA:32,0
DA:33,0
DA:34,0
DA:35,0
DA:37,0
DA:38,0
DA:39,0
DA:40,0
DA:42,0
DA:43,0
DA:44,0
DA:45,0
DA:47,0
DA:48,0
DA:50,0
DA:52,0
DA:53,0
DA:58,0
DA:60,0
DA:62,0
DA:63,0
DA:64,0
DA:66,0
DA:67,0
DA:69,0
DA:70,0
DA:71,0
DA:73,0
DA:77,0
DA:78,0
DA:79,0
DA:81,0
DA:82,0
DA:84,0
DA:86,0
DA:87,0
DA:93,0
DA:94,0
DA:95,0
DA:115,0
DA:116,0
DA:118,0
DA:119,0
DA:120,0
LF:51
LH:0
end_of_record
SF:lib/views/social_feed/presentation/widgets/feed_post_widgets/image_displays/single_image_display.dart
DA:14,0
DA:20,0
DA:23,0
DA:25,0
DA:26,0
DA:27,0
DA:28,0
DA:35,0
DA:36,0
DA:37,0
DA:38,0
DA:39,0
DA:45,0
DA:46,0
DA:48,0
DA:49,0
DA:50,0
LF:17
LH:0
end_of_record
SF:lib/views/social_feed/presentation/widgets/feed_post_widgets/image_displays/three_image_display.dart
DA:14,0
DA:20,0
DA:23,0
DA:25,0
DA:26,0
DA:27,0
DA:29,0
DA:30,0
DA:31,0
DA:32,0
DA:33,0
DA:34,0
DA:36,0
DA:37,0
DA:39,0
DA:40,0
DA:42,0
DA:43,0
DA:45,0
DA:46,0
DA:48,0
DA:50,0
DA:51,0
DA:56,0
DA:58,0
DA:59,0
DA:69,0
DA:70,0
DA:72,0
DA:73,0
DA:74,0
LF:31
LH:0
end_of_record
SF:lib/views/social_feed/presentation/widgets/feed_post_widgets/image_displays/two_image_display.dart
DA:15,0
DA:21,0
DA:24,0
DA:26,0
DA:27,0
DA:28,0
DA:30,0
DA:31,0
DA:32,0
DA:33,0
DA:34,0
DA:35,0
DA:37,0
DA:38,0
DA:40,0
DA:41,0
DA:43,0
DA:45,0
DA:46,0
DA:56,0
DA:57,0
DA:59,0
DA:60,0
DA:61,0
LF:24
LH:0
end_of_record
SF:lib/views/social_feed/presentation/widgets/feed_post_widgets/post_admin_actions.dart
DA:28,0
DA:34,0
DA:36,0
DA:39,0
DA:42,0
DA:44,0
DA:45,0
DA:46,0
DA:47,0
DA:48,0
DA:51,0
DA:59,0
DA:62,0
DA:63,0
DA:64,0
DA:65,0
DA:67,0
DA:68,0
DA:69,0
DA:70,0
DA:73,0
DA:75,0
DA:76,0
DA:77,0
DA:78,0
DA:81,0
DA:89,0
DA:93,0
DA:95,0
DA:96,0
DA:97,0
DA:98,0
DA:99,0
DA:100,0
DA:101,0
DA:102,0
DA:104,0
DA:108,0
DA:115,0
DA:116,0
DA:117,0
DA:119,0
DA:120,0
DA:123,0
DA:124,0
DA:128,0
DA:129,0
DA:130,0
DA:135,0
DA:139,0
DA:140,0
DA:141,0
DA:142,0
DA:144,0
DA:149,0
DA:153,0
DA:154,0
DA:155,0
DA:156,0
DA:162,0
DA:165,0
DA:166,0
DA:167,0
DA:168,0
DA:170,0
DA:171,0
DA:176,0
DA:177,0
DA:183,0
DA:184,0
DA:185,0
DA:187,0
DA:188,0
DA:190,0
DA:191,0
DA:197,0
DA:198,0
DA:199,0
DA:200,0
LF:79
LH:0
end_of_record
SF:lib/views/social_feed/presentation/widgets/feed_post_widgets/post_comment_action.dart
DA:20,0
DA:25,0
DA:27,0
DA:30,0
DA:31,0
DA:33,0
DA:35,0
DA:36,0
DA:38,0
DA:40,0
DA:44,0
DA:45,0
DA:46,0
DA:47,0
DA:48,0
DA:49,0
DA:51,0
DA:54,0
DA:55,0
DA:56,0
DA:67,0
DA:71,0
DA:73,0
DA:76,0
DA:78,0
DA:83,0
DA:85,0
DA:86,0
DA:87,0
LF:29
LH:0
end_of_record
SF:lib/views/social_feed/presentation/widgets/feed_post_widgets/post_reactions.dart
DA:26,0
DA:30,0
DA:32,0
DA:33,0
DA:36,0
DA:37,0
DA:38,0
DA:40,0
DA:45,0
DA:46,0
DA:47,0
DA:48,0
DA:51,0
DA:52,0
DA:53,0
DA:54,0
DA:60,0
DA:67,0
DA:74,0
DA:77,0
DA:79,0
DA:81,0
DA:82,0
DA:83,0
DA:84,0
DA:85,0
DA:86,0
DA:89,0
DA:93,0
DA:94,0
DA:95,0
DA:96,0
DA:101,0
DA:102,0
DA:103,0
DA:109,0
DA:110,0
DA:112,0
DA:113,0
LF:39
LH:0
end_of_record
SF:lib/views/video/data/repositories/video_repository_impl.dart
DA:15,1
DA:21,1
DA:25,3
DA:30,3
DA:34,1
DA:35,1
DA:41,1
DA:45,3
DA:51,3
DA:52,1
DA:53,1
DA:59,1
DA:63,3
DA:68,3
DA:72,1
DA:73,1
DA:79,1
DA:83,3
DA:88,3
DA:92,1
DA:93,1
LF:21
LH:21
end_of_record
SF:lib/views/video/data/sources/video_remote_sources.dart
DA:36,1
DA:44,1
DA:48,2
DA:49,1
DA:50,1
DA:51,1
DA:55,3
DA:57,3
DA:61,1
DA:65,4
DA:66,1
DA:67,1
DA:70,3
DA:72,4
DA:74,1
DA:78,1
DA:82,3
DA:84,3
DA:86,2
DA:90,1
DA:94,3
DA:96,3
DA:98,3
LF:23
LH:23
end_of_record
SF:lib/views/video/domain/entities/reaction/video_reaction_entity.dart
DA:17,2
DA:18,2
LF:2
LH:2
end_of_record
SF:lib/views/video/domain/entities/videos_entity.dart
DA:13,2
DA:14,2
LF:2
LH:2
end_of_record
SF:lib/views/video/domain/entities/reaction/video_reaction_action_entity.dart
DA:15,2
DA:16,2
LF:2
LH:2
end_of_record
SF:lib/views/video/domain/entities/reaction/video_reaction_member_entity.dart
DA:15,2
DA:16,2
LF:2
LH:2
end_of_record
SF:lib/views/video/domain/entities/reaction/video_reaction_metadata_entity.dart
DA:15,2
DA:16,2
LF:2
LH:2
end_of_record
SF:lib/views/video/domain/entities/video_member_entity.dart
DA:17,3
DA:18,3
LF:2
LH:2
end_of_record
SF:lib/views/video/domain/entities/video_metadata_entity.dart
DA:20,3
DA:21,3
LF:2
LH:2
end_of_record
SF:lib/views/video/domain/entities/video_nav_entity.dart
DA:14,3
DA:15,3
LF:2
LH:2
end_of_record
SF:lib/views/video/domain/entities/video_reaction_mine_entity.dart
DA:14,3
DA:15,3
LF:2
LH:2
end_of_record
SF:lib/views/video/domain/entities/video_metadata_info_entity.dart
DA:14,3
DA:15,3
LF:2
LH:2
end_of_record
SF:lib/views/video/domain/entities/video_reaction_stats_entity.dart
DA:15,3
DA:16,3
LF:2
LH:2
end_of_record
SF:lib/views/video/domain/usecases/get_video_gallery_usecase.dart
DA:10,1
DA:13,1
DA:14,3
DA:15,1
DA:16,1
DA:25,2
LF:6
LH:6
end_of_record
SF:lib/views/video/domain/usecases/get_video_usecase.dart
DA:11,1
DA:14,1
DA:15,3
DA:16,1
DA:17,1
DA:26,2
LF:6
LH:6
end_of_record
SF:lib/views/video/domain/usecases/react_video_usecase.dart
DA:11,1
DA:14,1
DA:15,3
DA:16,1
DA:17,1
DA:26,2
LF:6
LH:6
end_of_record
SF:lib/views/video/domain/usecases/track_video_interaction_usecase.dart
DA:10,1
DA:13,1
DA:14,3
DA:15,1
DA:16,1
DA:25,2
LF:6
LH:6
end_of_record
SF:lib/views/video/presentation/bloc_video/video_bloc.dart
DA:24,1
DA:28,2
DA:31,1
DA:34,2
DA:35,1
DA:36,1
DA:38,2
DA:39,1
DA:40,1
DA:44,1
DA:45,2
DA:46,1
DA:47,1
DA:48,1
DA:51,1
DA:52,2
DA:53,1
DA:54,1
DA:57,1
DA:58,2
DA:60,2
DA:61,1
DA:62,1
DA:65,2
DA:67,2
DA:68,1
DA:69,1
DA:76,1
DA:82,4
DA:84,2
DA:85,1
DA:86,2
DA:88,1
DA:89,2
DA:94,1
DA:98,3
DA:99,1
DA:103,1
DA:108,3
DA:109,1
DA:112,2
DA:113,1
DA:114,2
DA:116,1
DA:117,1
DA:118,1
DA:120,4
DA:121,2
DA:122,1
DA:123,1
DA:127,4
DA:128,2
DA:129,1
DA:130,1
DA:134,2
DA:135,3
DA:138,3
DA:143,2
DA:148,1
DA:152,2
DA:153,2
DA:155,1
DA:157,3
DA:158,5
DA:161,2
DA:162,2
DA:164,2
DA:169,2
DA:173,2
DA:174,2
DA:175,6
DA:177,2
DA:181,1
DA:182,1
DA:184,2
DA:192,1
DA:196,2
DA:197,2
DA:199,1
DA:201,2
DA:202,5
DA:205,2
DA:206,2
DA:208,2
DA:213,2
DA:217,2
DA:218,2
DA:219,2
DA:221,2
DA:225,1
DA:226,1
DA:228,2
LF:92
LH:92
end_of_record
SF:lib/views/video/presentation/bloc_video/video_state.dart
DA:22,1
LF:1
LH:1
end_of_record
SF:lib/views/video/presentation/bloc_videos/videos_bloc.dart
DA:12,1
DA:14,2
DA:17,1
DA:20,2
DA:21,1
DA:22,1
DA:23,2
DA:24,1
DA:28,1
DA:29,2
DA:30,1
DA:31,1
DA:32,1
DA:35,1
DA:36,2
DA:37,1
DA:38,1
DA:45,1
DA:50,3
DA:51,1
DA:57,2
DA:58,1
DA:59,2
DA:61,1
DA:62,1
DA:63,2
DA:65,1
LF:27
LH:27
end_of_record
SF:lib/views/video/presentation/bloc_videos/videos_state.dart
DA:23,1
LF:1
LH:1
end_of_record
SF:lib/views/video/presentation/widgets/video_loaded_view.dart
DA:28,1
DA:35,1
DA:37,1
DA:39,1
DA:41,1
DA:42,1
DA:43,4
DA:45,1
DA:46,0
DA:47,0
DA:48,0
DA:50,1
DA:52,1
DA:54,1
DA:58,1
DA:59,1
DA:60,1
DA:62,1
DA:63,1
DA:64,1
DA:65,1
DA:66,0
DA:67,0
DA:72,3
DA:76,0
DA:78,0
DA:80,0
DA:84,1
DA:85,1
DA:86,1
DA:87,1
DA:88,1
DA:91,4
DA:92,1
DA:93,1
DA:94,3
DA:95,2
LF:37
LH:29
end_of_record
SF:lib/views/video/presentation/widgets/videos_view/videos_empty_view.dart
DA:14,1
DA:18,1
DA:20,1
DA:22,1
DA:24,2
DA:25,1
DA:26,1
DA:27,2
DA:28,1
DA:29,2
DA:34,1
LF:11
LH:11
end_of_record
SF:lib/views/video/presentation/widgets/videos_view/videos_loaded_view.dart
DA:25,1
DA:32,1
DA:34,1
DA:36,1
DA:37,2
DA:38,1
DA:39,1
DA:40,2
DA:43,1
DA:47,1
DA:51,1
DA:52,1
DA:53,2
DA:54,3
DA:55,1
DA:56,3
DA:58,2
DA:59,1
DA:60,1
DA:61,1
DA:62,1
DA:63,1
DA:65,1
DA:66,2
DA:71,1
DA:76,1
DA:77,3
DA:79,1
DA:80,1
DA:81,1
DA:82,1
LF:31
LH:31
end_of_record
SF:lib/views/video/presentation/widgets/progress_bar.dart
DA:6,0
DA:11,0
DA:12,0
DA:13,0
DA:14,0
DA:23,0
DA:29,0
DA:37,0
DA:39,0
DA:44,0
DA:45,0
DA:46,0
DA:53,0
DA:55,0
DA:57,0
DA:58,0
DA:61,0
DA:63,0
DA:64,0
DA:67,0
DA:69,0
DA:70,0
DA:71,0
DA:72,0
DA:73,0
DA:74,0
DA:77,0
DA:78,0
DA:79,0
DA:82,0
DA:83,0
DA:84,0
DA:87,0
DA:88,0
DA:91,0
DA:92,0
DA:95,0
DA:97,0
DA:98,0
DA:101,0
DA:102,0
DA:103,0
DA:106,0
DA:107,0
DA:110,0
DA:111,0
DA:114,0
DA:116,0
DA:117,0
DA:118,0
DA:119,0
DA:121,0
DA:122,0
DA:123,0
DA:124,0
DA:134,0
DA:139,0
DA:144,0
DA:148,0
DA:149,0
DA:150,0
DA:151,0
DA:152,0
DA:156,0
DA:158,0
DA:162,0
DA:164,0
DA:165,0
DA:166,0
DA:167,0
DA:168,0
DA:169,0
DA:170,0
DA:171,0
DA:172,0
DA:176,0
DA:179,0
DA:180,0
DA:181,0
DA:182,0
DA:183,0
DA:187,0
DA:189,0
DA:190,0
DA:191,0
DA:192,0
LF:86
LH:0
end_of_record
SF:lib/views/video/presentation/widgets/video_information.dart
DA:21,1
DA:25,1
DA:27,1
DA:29,6
DA:31,1
DA:32,1
DA:33,1
DA:34,1
DA:35,1
DA:36,1
DA:40,1
DA:46,1
DA:47,1
DA:48,1
DA:50,1
DA:52,1
DA:53,1
DA:55,1
DA:56,1
DA:57,2
DA:60,1
DA:61,3
DA:66,1
DA:72,1
DA:76,6
DA:78,1
DA:81,3
DA:83,6
DA:84,4
DA:86,1
DA:88,1
DA:89,3
DA:91,1
DA:92,1
DA:93,2
LF:35
LH:35
end_of_record
SF:lib/views/video/presentation/widgets/video_reactions.dart
DA:16,1
DA:22,1
DA:24,1
DA:25,1
DA:27,1
DA:32,1
DA:38,1
DA:39,3
DA:40,0
DA:43,6
DA:46,1
DA:49,2
DA:50,1
DA:54,1
DA:55,1
DA:60,1
DA:62,2
DA:63,3
DA:64,2
DA:70,1
DA:74,3
DA:76,1
LF:22
LH:21
end_of_record
SF:lib/views/video/presentation/widgets/video_player.dart
DA:20,1
DA:26,0
DA:27,1
DA:29,1
DA:30,1
DA:50,1
DA:52,1
DA:54,1
DA:57,1
DA:59,1
DA:60,1
DA:63,1
DA:64,3
DA:65,1
DA:66,1
DA:67,1
DA:68,2
DA:71,1
DA:73,1
DA:74,1
DA:75,1
DA:76,2
DA:79,0
DA:80,0
DA:81,0
DA:82,0
DA:84,0
DA:85,0
DA:86,0
DA:87,0
DA:88,0
DA:94,1
DA:100,0
DA:101,0
DA:102,0
DA:103,0
DA:105,0
DA:107,0
DA:112,0
DA:113,0
DA:115,0
DA:116,0
DA:117,0
DA:118,0
DA:119,0
DA:120,0
DA:121,0
DA:122,0
DA:124,0
DA:129,0
DA:134,1
DA:138,6
DA:140,1
DA:141,1
DA:142,1
DA:143,1
DA:145,1
DA:147,2
DA:148,1
DA:149,1
DA:154,1
DA:156,1
DA:157,1
DA:159,0
DA:161,0
DA:172,0
DA:175,0
DA:176,0
DA:178,0
DA:179,0
DA:181,0
DA:182,0
DA:183,0
DA:184,0
DA:185,0
DA:186,0
DA:193,0
DA:194,0
DA:195,0
DA:196,0
DA:197,0
DA:204,0
DA:205,0
DA:213,0
DA:214,0
DA:215,0
DA:216,0
DA:217,0
DA:218,0
DA:219,0
DA:220,0
DA:222,0
DA:223,0
DA:230,0
DA:233,0
DA:234,0
DA:235,0
DA:237,0
DA:238,0
DA:240,0
DA:241,0
DA:244,0
DA:245,0
DA:247,0
DA:248,0
DA:249,0
DA:254,0
DA:255,0
DA:267,0
DA:268,0
DA:269,0
DA:270,0
DA:271,0
DA:273,0
DA:274,0
DA:276,0
DA:277,0
DA:278,0
DA:279,0
DA:281,0
DA:282,0
DA:283,0
DA:293,0
DA:294,0
DA:295,0
DA:298,0
DA:299,0
DA:303,1
DA:307,6
DA:308,3
DA:309,3
DA:311,3
DA:313,1
DA:315,5
DA:316,0
DA:320,1
DA:321,1
DA:322,2
DA:323,2
DA:324,3
DA:327,5
DA:331,0
DA:332,0
DA:333,0
DA:334,0
DA:339,0
DA:340,0
DA:341,0
DA:343,0
DA:344,0
DA:345,0
DA:346,0
DA:347,0
DA:353,0
DA:354,0
DA:355,0
DA:357,0
DA:358,0
DA:362,0
DA:363,0
DA:364,0
DA:366,0
DA:368,0
DA:369,0
DA:370,0
DA:371,0
DA:372,0
DA:374,0
DA:376,0
DA:377,0
DA:378,0
DA:382,0
DA:384,0
DA:385,0
DA:386,0
DA:390,0
DA:394,0
DA:397,0
LF:178
LH:48
end_of_record
SF:lib/views/video/presentation/widgets/videos_view/videos_header.dart
DA:8,1
DA:11,1
DA:13,1
DA:15,1
DA:16,1
DA:18,1
DA:19,1
DA:21,2
LF:8
LH:8
end_of_record
SF:lib/views_auth/components/animated_check_mark.dart
DA:8,0
DA:10,0
DA:20,0
DA:22,0
DA:24,0
DA:29,0
DA:30,0
DA:34,0
DA:36,0
DA:39,0
DA:41,0
DA:42,0
DA:45,0
DA:47,0
DA:49,0
DA:50,0
DA:51,0
DA:52,0
DA:53,0
DA:54,0
DA:55,0
DA:57,0
DA:58,0
DA:59,0
DA:60,0
DA:61,0
DA:62,0
DA:63,0
DA:65,0
DA:81,0
DA:85,0
DA:87,0
DA:88,0
DA:89,0
DA:90,0
DA:91,0
DA:92,0
DA:93,0
DA:97,0
DA:98,0
LF:40
LH:0
end_of_record
SF:lib/views_auth/components/auth_form.dart
DA:32,2
DA:36,4
DA:39,2
DA:40,2
DA:48,2
DA:50,6
DA:51,2
DA:54,2
DA:56,2
DA:59,2
DA:60,2
DA:61,2
DA:62,0
DA:63,0
DA:64,0
DA:65,0
DA:66,0
DA:68,0
DA:69,0
DA:71,0
DA:72,0
DA:77,0
DA:78,0
DA:80,0
DA:86,2
DA:87,2
DA:88,1
DA:89,1
DA:91,0
DA:92,0
DA:94,1
DA:95,1
DA:104,1
DA:105,4
DA:106,4
DA:108,1
DA:109,1
DA:110,1
DA:111,1
DA:112,1
DA:113,5
DA:114,1
DA:116,4
DA:118,1
DA:123,2
DA:125,2
DA:127,1
DA:129,2
DA:145,1
DA:150,1
DA:151,0
DA:152,0
DA:153,0
DA:156,0
DA:157,0
DA:158,0
DA:161,2
DA:162,2
DA:163,2
DA:164,4
DA:169,1
DA:170,1
DA:173,1
DA:178,1
DA:182,1
DA:183,2
DA:184,1
DA:186,2
DA:188,1
DA:191,3
DA:194,3
DA:195,3
DA:198,1
DA:199,1
DA:202,0
DA:203,0
DA:204,0
DA:207,3
DA:208,2
DA:211,1
DA:216,0
DA:220,0
DA:221,0
DA:222,0
DA:223,0
DA:226,0
DA:227,0
DA:228,0
DA:229,0
DA:233,1
DA:237,1
DA:238,2
DA:239,1
DA:240,1
DA:241,3
DA:242,3
DA:243,0
DA:244,0
DA:246,0
DA:247,0
DA:248,0
DA:257,0
DA:258,0
LF:103
LH:64
end_of_record
SF:lib/views_auth/helpers/determine_locale.dart
DA:4,3
DA:5,3
DA:8,3
DA:9,1
DA:11,2
DA:12,0
DA:14,2
DA:15,2
DA:18,0
LF:9
LH:7
end_of_record
SF:lib/views_auth/register_view/domain/entities/registration_entity.dart
DA:14,2
DA:15,2
LF:2
LH:2
end_of_record
SF:lib/views_auth/register_view/presentation/bloc/registrations_bloc.dart
DA:11,2
DA:12,2
DA:15,1
DA:16,3
DA:17,4
DA:19,2
DA:20,1
DA:21,2
DA:23,1
DA:24,2
DA:27,1
DA:28,4
DA:30,2
DA:31,1
DA:32,2
DA:34,1
DA:35,2
LF:17
LH:17
end_of_record
SF:lib/views_auth/components/pin_input_field.dart
DA:13,1
DA:22,1
DA:23,1
DA:27,1
DA:29,1
DA:31,2
DA:35,1
DA:39,2
DA:41,1
DA:42,1
DA:43,4
DA:45,2
DA:46,2
DA:47,2
DA:48,1
DA:49,2
DA:52,1
DA:53,2
DA:56,1
DA:57,1
DA:58,1
DA:59,1
DA:60,1
DA:61,1
DA:66,2
DA:71,1
DA:73,1
DA:75,0
DA:77,0
LF:29
LH:27
end_of_record
SF:lib/views_auth/components/pin_placeholder.dart
DA:15,1
DA:20,0
DA:22,2
DA:25,1
DA:26,1
DA:30,1
DA:32,3
DA:35,1
DA:39,1
DA:40,4
DA:41,0
DA:42,1
DA:43,1
LF:13
LH:11
end_of_record
SF:lib/views_auth/components/update_number_action.dart
DA:14,0
DA:17,0
DA:19,1
DA:21,4
DA:22,1
DA:24,1
DA:25,2
DA:26,1
DA:28,1
DA:29,1
DA:30,2
DA:31,1
DA:33,3
DA:34,1
DA:35,0
DA:38,1
DA:39,2
DA:40,1
LF:18
LH:15
end_of_record
SF:lib/views_auth/landing_view/widgets/landing_actions_row.dart
DA:21,1
DA:24,1
DA:26,1
DA:28,4
DA:30,1
DA:31,1
DA:33,1
DA:34,2
DA:35,1
DA:38,1
DA:39,1
DA:40,2
DA:42,3
DA:45,1
DA:48,2
DA:49,1
DA:50,2
DA:52,3
DA:54,1
DA:56,1
DA:59,3
DA:60,1
DA:63,1
LF:23
LH:23
end_of_record
SF:lib/views_auth/landing_view/widgets/landing_intro_row.dart
DA:13,1
DA:15,5
DA:19,2
DA:20,2
DA:21,2
DA:23,1
DA:24,1
DA:25,2
DA:27,1
DA:30,1
DA:31,1
DA:32,2
DA:34,1
DA:37,2
DA:38,1
DA:39,2
DA:41,1
LF:17
LH:17
end_of_record
SF:lib/views_auth/landing_view/widgets/landing_secret_screen_data.dart
DA:13,1
DA:16,1
DA:19,5
DA:21,1
DA:24,1
DA:25,1
DA:27,1
DA:28,1
DA:29,3
DA:32,1
DA:39,1
DA:41,1
DA:42,1
DA:43,3
DA:46,1
DA:53,1
DA:55,1
DA:56,1
DA:57,3
DA:60,1
LF:20
LH:20
end_of_record
SF:lib/views_auth/landing_view/sso_login.dart
DA:29,1
DA:33,1
DA:36,4
DA:38,1
DA:39,1
DA:40,2
DA:41,1
DA:42,2
DA:44,0
DA:45,2
DA:52,0
DA:56,0
DA:58,0
DA:59,0
DA:61,0
DA:63,0
DA:65,0
DA:66,0
DA:67,0
DA:69,0
DA:71,0
DA:72,0
DA:74,0
DA:75,0
DA:76,0
DA:78,0
DA:79,0
DA:80,0
DA:84,0
DA:86,0
DA:90,0
DA:91,0
LF:32
LH:9
end_of_record
SF:lib/views_auth/logging_in_view/data/repositories/login_repository_impl.dart
DA:16,1
DA:22,1
DA:25,3
DA:30,3
DA:32,2
DA:33,1
DA:35,2
DA:36,1
DA:39,1
DA:41,1
DA:49,1
DA:50,3
DA:55,3
DA:56,1
DA:57,1
DA:59,1
LF:16
LH:16
end_of_record
SF:lib/views_auth/logging_in_view/data/sources/login_source.dart
DA:28,1
DA:38,1
DA:41,3
DA:42,3
DA:43,3
DA:45,1
DA:46,3
DA:47,1
DA:48,1
DA:51,3
DA:52,1
DA:56,2
DA:57,1
DA:59,1
DA:62,1
DA:65,3
DA:78,1
DA:79,3
DA:80,3
DA:82,1
DA:83,1
DA:86,3
DA:88,3
DA:90,3
LF:24
LH:24
end_of_record
SF:lib/views_auth/utils/login_details/login_details.dart
DA:17,1
DA:18,1
LF:2
LH:2
end_of_record
SF:lib/views_auth/logging_in_view/domain/usecases/login_member_usecase.dart
DA:11,1
DA:14,1
DA:15,4
DA:22,2
LF:4
LH:4
end_of_record
SF:lib/views_auth/logging_in_view/domain/usecases/login_public_usecase.dart
DA:9,1
DA:12,1
DA:13,3
LF:3
LH:3
end_of_record
SF:lib/views_auth/logging_in_view/presentation/bloc/logging_in_bloc.dart
DA:16,1
DA:19,2
DA:22,1
DA:25,2
DA:26,1
DA:27,3
DA:28,2
DA:31,2
DA:32,1
DA:33,2
DA:35,1
DA:36,1
DA:40,1
DA:41,4
DA:43,2
DA:44,1
DA:45,2
DA:47,1
DA:48,1
LF:19
LH:19
end_of_record
SF:lib/views_auth/logging_in_view/presentation/bloc/logging_in_state.dart
DA:17,1
LF:1
LH:1
end_of_record
SF:lib/views_auth/logging_in_view/presentation/widgets/logging_in_error_dialog_content.dart
DA:11,1
DA:14,1
DA:16,1
DA:18,1
DA:20,1
DA:23,1
DA:24,1
DA:25,2
DA:28,1
DA:29,1
DA:31,1
DA:32,2
DA:34,2
LF:13
LH:13
end_of_record
SF:lib/views_auth/login_view/get_pin_message.dart
DA:13,1
DA:17,0
DA:19,0
DA:29,0
DA:31,0
DA:33,0
DA:36,0
DA:38,0
DA:40,0
DA:41,0
DA:42,0
DA:43,0
DA:44,0
DA:45,0
DA:46,0
DA:48,0
DA:50,0
DA:53,0
DA:54,0
DA:56,0
DA:57,0
DA:58,0
DA:59,0
DA:60,0
DA:61,0
DA:67,0
DA:68,0
DA:69,0
DA:70,0
DA:81,0
DA:82,0
DA:83,0
DA:87,0
DA:88,0
DA:90,0
DA:91,0
DA:94,0
DA:96,0
DA:97,0
LF:39
LH:1
end_of_record
SF:lib/views_auth/register_view/data/repositories/registration_repository_impl.dart
DA:14,2
DA:17,1
DA:19,3
DA:25,3
DA:26,1
DA:27,1
DA:35,1
DA:37,3
DA:43,3
DA:44,1
DA:45,1
LF:11
LH:11
end_of_record
SF:lib/views_auth/register_view/data/sources/registration_remote_source.dart
DA:21,2
DA:24,1
DA:27,2
DA:29,3
DA:30,0
DA:32,0
DA:35,1
DA:36,2
DA:37,1
DA:38,1
DA:39,4
DA:40,1
DA:41,1
DA:43,3
DA:45,2
DA:47,1
DA:51,1
DA:53,2
DA:55,3
DA:56,0
DA:59,1
DA:60,2
DA:61,1
DA:62,1
DA:63,4
DA:64,1
DA:66,3
DA:68,2
DA:70,1
LF:29
LH:26
end_of_record
SF:lib/views_auth/register_view/domain/usecases/submit_member_use_case.dart
DA:11,2
DA:13,1
DA:16,2
LF:3
LH:3
end_of_record
SF:lib/views_auth/register_view/domain/usecases/update_number_usecase.dart
DA:11,2
DA:13,1
DA:16,2
LF:3
LH:3
end_of_record
SF:lib/views_auth/tandc_view/data/repositories/terms_and_conditions_repository_impl.dart
DA:16,1
DA:23,1
DA:24,3
DA:30,3
DA:31,1
DA:32,1
DA:40,1
DA:42,3
DA:48,3
DA:52,1
LF:10
LH:10
end_of_record
SF:lib/views_auth/tandc_view/data/sources/terms_and_conditions_remote_source.dart
DA:27,1
DA:30,1
DA:31,4
DA:33,5
DA:35,3
DA:37,2
DA:39,1
DA:43,1
DA:47,3
DA:48,1
DA:53,3
LF:11
LH:11
end_of_record
SF:lib/views_auth/tandc_view/domain/entities/terms_and_conditions_entity.dart
DA:17,2
DA:18,2
LF:2
LH:2
end_of_record
SF:lib/views_auth/tandc_view/domain/entities/terms_and_conditions_text_entity.dart
DA:14,2
DA:15,2
LF:2
LH:2
end_of_record
SF:lib/views_auth/tandc_view/domain/usecases/get_terms_and_conditions.dart
DA:11,1
DA:13,1
DA:15,2
LF:3
LH:3
end_of_record
SF:lib/views_auth/tandc_view/domain/usecases/respond_to_terms_and_conditions.dart
DA:10,1
DA:12,1
DA:14,2
DA:15,2
DA:23,2
LF:5
LH:5
end_of_record
SF:lib/views_auth/tandc_view/presentation/bloc/terms_and_conditions_bloc.dart
DA:14,1
DA:17,2
DA:20,1
DA:22,2
DA:23,1
DA:24,1
DA:26,4
DA:28,2
DA:29,1
DA:30,2
DA:32,1
DA:33,2
DA:37,1
DA:38,1
DA:40,3
DA:41,1
DA:42,2
DA:44,2
DA:45,1
DA:46,2
DA:48,1
DA:49,1
LF:22
LH:22
end_of_record
SF:lib/views_auth/tandc_view/presentation/bloc/terms_and_conditions_state.dart
DA:21,1
LF:1
LH:1
end_of_record
SF:lib/views_auth/tandc_view/presentation/widgets/terms_widget.dart
DA:16,1
DA:20,1
DA:22,1
DA:24,4
DA:26,4
DA:27,1
DA:29,1
DA:30,1
DA:31,1
DA:33,1
DA:34,1
DA:36,1
DA:37,1
DA:40,1
DA:41,1
DA:42,4
DA:43,1
DA:47,1
DA:49,1
LF:19
LH:19
end_of_record
SF:lib/views_auth/tandc_view/presentation/widgets/terms_and_conditions_footer.dart
DA:14,2
DA:16,1
DA:18,4
DA:20,1
DA:21,1
DA:22,1
DA:25,1
DA:29,1
DA:30,1
DA:32,1
DA:33,1
DA:34,1
LF:12
LH:12
end_of_record
SF:lib/views/social_feed/domain/usecases/edit_comment.dart
DA:12,1
DA:15,1
DA:17,3
DA:18,1
DA:19,1
DA:20,1
DA:21,1
DA:33,1
LF:8
LH:8
end_of_record